13 31 34 15 46 3 43 25 21 12 27 38 10 45 20 49 41 30 32 16 40 8 29 44 36 39 35 23 24 17 33 14 5 28 2 26 1 47 9 19 7 37 18 6 11 22 42 4 48 50 50
26 1 50 2 49 3 27 4 48 5 47 6 28 7 46 8 45 9 29 10 44 11 43 12 30 13 42 14 41 15 31 16 40 17 39 18 32 19 38 20 21 33 22 23 24 34 25 35 36 37 37
1 19 33 2 27 4 40 3 31 25 32 14 41 24 47 6 28 8 36 13 35 12 38 23 44 11 50 21 49 15 39 22 30 5 29 7 43 17 48 20 34 18 37 9 46 26 42 10 45 16 16
38 40 47 2 6 25 3 49 13 17 48 45 26 22 23 43 36 19 11 15 50 33 5 12 44 24 1 14 37 46 39 9 31 8 35 18 28 4 32 7 42 20 30 34 16 21 29 41 27 10 10
37 36 3 44 18 9 45 1 6 27 11 20 17 4 24 12 22 31 35 26 29 46 30 25 2 39 33 8 13 16 15 40 32 21 42 19 47 49 23 41 38 48 43 28 10 50 34 5 7 14 14
10 11 9 1 2 5 13 16 14 6 8 3 12 15 4 7 7
24 7 9 46 12 17 14 26 39 11 28 5 27 15 21 20 33 32 43 18 1 22 36 35 44 8 10 3 38 29 40 19 13 47 45 48 2 50 49 41 25 34 30 37 6 16 23 31 4 42 42
12 39 20 10 28 6 26 38 11 48 40 22 45 18 9 3 13 15 7 21 1 25 42 32 8 44 27 31 43 5 29 16 36 14 34 23 49 17 19 33 24 41 46 35 30 47 2 50 37 4 4
3 4 5 6 7 8 9 10 11 12 13 14 15 16 17 18 19 20 21 22 23 24 25 26 27 28 29 1 2 30 30
36 44 1 2 3 4 5 6 7 8 9 10 11 12 14 13 15 16 18 17 26 19 20 34 21 48 22 24 23 32 25 39 27 40 28 41 29 42 30 35 31 49 38 45 33 47 46 50 37 43 43
2 1 4 3 5 6 7 8 8
25 12 13 11 2 26 22 39 8 29 35 32 33 10 37 24 40 41 1 27 18 45 38 20 17 49 30 48 9 47 34 28 42 7 43 50 6 16 31 36 5 19 21 44 23 3 4 15 14 46 46
7 47 8 36 22 20 15 31 5 45 6 32 2 25 30 42 44 10 18 24 46 35 4 26 13 14 41 39 9 19 27 12 1 34 28 17 48 37 49 21 23 29 50 11 40 43 38 3 33 16 16
43 40 21 13 5 28 46 48 29 12 2 36 25 44 45 50 14 6 22 34 38 4 37 47 20 18 8 35 31 7 17 23 49 41 42 9 1 15 24 3 27 30 26 32 16 10 19 11 33 39 39
35 40 13 27 44 14 41 42 7 17 20 22 10 48 21 34 43 2 4 5 15 39 25 30 23 31 49 6 36 46 24 1 19 50 32 12 38 9 11 37 16 18 47 8 29 28 45 26 33 3 3
7 14 23 45 39 50 25 18 20 41 13 35 17 42 19 9 34 30 5 22 12 48 40 31 15 3 49 4 28 37 44 1 21 46 26 10 43 38 36 2 6 27 11 33 8 16 24 32 29 47 47
2 1 4 47 29 3 32 12 30 23 16 24 11 21 48 20 13 34 14 7 41 8 40 36 27 35 44 37 5 10 25 15 33 50 9 42 19 26 38 49 28 39 43 18 6 22 31 17 45 46 46
30 29 28 24 25 26 27 3 2 1 48 4 5 6 47 7 8 12 13 14 9 10 11 19 18 17 16 20 21 22 15 23 31 38 37 36 32 33 34 35 43 42 41 40 44 45 46 39 39
1 6 2 5 3 4 4
21 17 49 50 43 11 9 28 39 15 10 22 33 12 23 20 47 40 13 1 6 31 29 30 18 8 16 7 34 45 44 19 26 5 14 41 35 3 32 48 42 27 2 24 36 37 4 38 46 25 25
41 45 48 20 8 22 31 9 14 3 26 44 1 30 38 15 36 6 18 13 50 49 7 19 42 28 35 5 12 10 46 16 43 40 23 2 39 21 25 32 29 47 17 37 24 34 27 33 4 11 11
43 4 10 16 3 42 29 14 15 31 25 7 30 39 1 41 21 28 19 36 18 38 20 27 34 6 32 17 12 2 44 8 37 13 11 26 22 40 24 23 5 35 33 9 9
1 2 3 4 5 6 7 8 9 10 11 12 13 14 15 16 17 18 19 20 21 22 23 24 25 26 27 28 29 30 31 32 33 34 35 36 37 38 39 40 41 42 43 44 45 46 47 48 49 50 50
23 10 5 25 2 15 6 12 21 22 18 20 14 13 17 4 1 7 24 26 9 19 11 8 3 16 16
14 12 10 13 5 17 2 18 20 1 3 15 6 8 16 11 9 7 4 19 19
39 17 21 12 10 8 9 38 14 45 42 5 34 13 48 25 18 26 37 15 7 4 46 20 33 16 47 36 23 32 3 43 28 24 19 22 35 49 40 1 44 31 30 50 11 6 29 2 27 41 41
28 10 46 15 44 16 4 41 34 37 21 42 27 30 35 50 24 20 7 45 32 3 40 13 2 19 39 22 1 29 11 38 23 17 14 25 33 31 12 47 43 8 5 49 48 9 6 26 18 36 36
48 47 26 17 5 18 1 49 16 41 6 37 44 46 15 29 8 7 10 42 23 32 34 25 43 45 21 38 35 14 13 28 9 27 39 24 20 40 4 22 12 19 50 3 11 31 2 33 36 30 30
47 22 38 5 7 29 10 1 18 21 44 6 31 45 14 33 28 3 34 11 37 20 26 17 49 12 42 8 30 15 27 13 41 2 36 25 4 23 9 46 16 43 32 50 48 35 24 19 40 39 39
23 2 1 6 10 15 21 14 7 34 13 9 17 22 8 11 16 30 28 24 20 27 18 25 29 33 19 43 32 26 45 38 12 31 35 36 46 37 44 40 48 42 47 39 41 50 49 3 4 5 5
16 7 14 9 31 21 6 10 18 20 24 27 34 11 50 13 8 35 38 22 41 28 48 17 1 4 29 5 19 15 26 37 23 46 43 25 44 33 47 30 12 45 49 36 3 32 2 40 42 39 39
7 6 4 1 2 3 5 8 9 10 11 19 14 22 27 35 30 38 43 42 41 40 37 36 33 32 29 28 25 24 21 20 17 16 13 12 15 18 23 26 31 34 39 44 45 48 47 46 46
26 30 49 38 14 3 50 46 2 15 47 20 35 10 43 42 32 5 44 13 48 22 37 19 24 18 11 17 33 45 8 36 7 28 21 6 40 9 31 39 25 16 41 12 27 29 4 1 23 34 34
10 3 1 25 8 48 20 37 12 29 36 31 2 17 23 11 27 4 44 7 26 15 14 47 6 33 28 19 9 39 45 18 38 5 46 30 21 24 22 49 35 32 50 40 42 43 13 16 34 41 41
6 25 15 32 29 4 8 42 1 30 49 37 18 33 9 23 24 26 41 50 7 16 47 13 40 43 19 44 22 10 31 46 20 45 3 2 12 27 5 17 38 14 34 11 39 35 36 48 28 21 21
34 33 37 36 40 39 38 6 11 19 14 22 27 35 30 43 44 48 47 42 41 45 46 3 2 1 5 4 8 7 9 10 15 16 12 13 17 21 20 24 23 18 25 26 31 32 28 29 29
11 10 3 4 9 1 12 6 7 8 15 14 13 5 2 16 23 21 44 45 17 35 26 31 20 33 29 36 27 19 48 40 18 34 25 22 47 32 43 49 30 24 38 28 39 46 42 50 41 37 37
28 29 30 21 22 23 24 25 27 26 1 2 3 4 5 10 7 6 8 9 11 12 13 14 15 20 17 16 18 19 19
44 50 32 9 8 15 31 45 42 2 4 1 48 43 30 25 11 16 39 27 26 18 24 22 41 46 29 20 10 14 40 28 35 12 13 3 49 34 38 6 21 5 33 37 36 17 7 19 47 23 23
37 32 38 17 45 30 20 35 6 24 14 50 21 7 36 46 47 9 11 4 1 3 40 39 44 15 16 43 23 27 8 48 5 2 13 22 34 29 25 28 19 18 33 41 31 49 10 26 42 12 12
47 48 43 12 5 14 3 36 33 34 23 18 13 16 2 17 20 1 40 37 6 49 38 21 26 25 24 8 7 32 27 44 39 42 9 10 19 22 4 35 50 45 30 29 28 11 46 15 31 41 41
2 12 38 14 11 6 1 22 29 45 39 25 10 43 8 28 23 31 17 5 49 15 4 24 30 33 3 21 47 34 44 40 7 19 35 36 9 42 48 16 20 46 37 26 41 13 32 50 18 27 27
8 3 19 34 17 6 2 1 10 22 12 11 40 29 47 49 39 15 23 32 16 38 50 35 44 14 46 36 37 28 41 18 9 33 7 26 5 45 42 27 13 21 25 48 43 24 30 20 4 31 31
2 1 5 8 10 7 3 6 4 9 9
30 21 22 23 26 24 25 27 28 29 5 1 2 36 31 32 19 11 12 50 41 42 17 13 14 44 43 45 7 3 4 40 33 34 8 6 9 37 35 38 10 18 15 39 48 46 20 16 47 49 49
37 26 33 19 2 9 12 42 15 4 21 28 24 8 6 35 23 46 47 45 34 3 27 41 29 16 5 11 1 14 18 31 30 32 50 43 25 48 39 38 49 13 7 20 44 22 17 10 36 40 40
48 35 14 26 9 18 50 29 22 8 36 6 10 49 45 42 4 39 20 19 1 23 11 37 12 40 17 13 3 41 44 31 7 24 16 2 46 30 5 25 34 15 47 27 38 33 32 43 28 21 21
16 17 18 2 32 37 48 50 49 44 26 20 23 30 1 8 46 38 3 35 11 27 22 24 4 19 34 43 33 10 5 29 42 6 45 9 7 36 41 47 25 31 28 21 40 39 15 14 13 12 12
7 25 47 43 16 5 49 50 15 24 39 35 6 20 3 9 18 33 13 32 11 12 30 44 28 14 17 48 19 8 45 21 34 10 31 29 2 4 26 38 27 40 1 22 23 41 42 37 46 36 36
23 20 19 43 1 4 11 38 12 29 45 16 26 41 49 32 39 27 25 22 46 6 40 5 7 10 35 37 31 36 48 30 44 28 3 47 13 8 42 17 2 21 15 18 9 14 34 24 50 33 33
31 10 27 7 5 45 32 18 17 33 44 28 22 8 26 23 24 13 11 39 9 40 3 47 46 2 6 20 25 15 41 29 12 36 49 21 4 48 37 30 34 16 1 43 50 14 38 35 19 42 42
6 14 39 2 30 49 27 12 9 24 36 8 28 4 1 15 3 31 10 17 46 11 19 18 42 44 43 16 23 32 37 35 20 21 34 22 26 13 50 48 33 40 7 25 38 47 29 41 5 45 45
26 18 20 24 8 19 11 5 31 43 21 47 2 32 15 4 36 39 25 48 46 35 29 3 50 30 10 12 17 23 7 40 37 34 27 6 28 41 9 13 38 45 49 44 33 14 1 22 42 16 16
22 5 13 19 10 14 20 6 7 1 4 8 2 12 18 21 3 17 16 9 15 11 11
34 33 37 36 40 39 38 6 11 19 14 22 27 35 30 43 42 41 45 44 48 47 46 3 2 1 5 4 8 7 9 13 12 16 15 10 17 21 20 24 23 18 25 29 28 32 31 26 26
33 38 19 22 34 25 4 18 17 15 6 20 24 43 40 27 37 30 39 3 16 49 45 32 36 44 48 41 46 26 13 10 23 11 9 1 35 7 28 14 21 29 2 31 50 12 5 42 8 47 47
1 2 4 3 3
2 8 5 4 6 7 1 10 9 3 3
32 30 29 23 20 19 13 10 9 3 2 1 6 7 8 4 5 11 16 12 15 14 18 17 21 22 26 27 28 24 25 31 36 37 38 34 33 39 40 41 42 43 49 50 45 44 48 47 46 35 35
5 44 21 27 14 15 13 34 28 1 9 17 23 8 7 37 46 24 3 43 12 6 18 29 22 25 20 36 30 45 4 48 38 31 16 10 39 11 42 33 2 32 50 49 19 47 41 35 26 40 40
29 26 34 2 5 17 4 20 11 35 23 15 10 32 21 13 3 31 1 45 7 12 25 8 42 36 33 46 18 9 48 37 27 16 38 39 19 50 49 22 28 24 41 40 47 43 14 44 6 30 30
1 15 2 26 27 28 4 3 5 29 30 31 6 7 8 32 33 34 10 9 11 35 36 37 12 13 14 38 39 40 16 17 18 42 41 43 19 20 21 44 45 46 22 23 24 48 47 49 25 50 50
41 43 2 7 31 21 48 27 5 9 34 15 23 40 13 6 4 26 8 24 17 18 47 20 1 30 12 42 16 35 36 39 32 38 46 50 22 3 19 28 10 49 37 25 14 45 29 11 44 33 33
3 1 2 4 4
33 14 47 21 23 46 35 36 11 12 17 45 28 49 5 34 39 7 41 29 19 3 50 20 32 13 30 8 2 18 42 9 1 26 43 4 31 40 25 38 15 10 6 48 44 16 37 22 24 27 27
33 34 35 36 37 21 20 19 18 17 16 15 14 13 12 11 10 9 8 7 6 5 4 3 2 1 32 31 30 29 28 27 38 39 40 41 42 43 44 45 24 25 26 48 49 50 22 23 46 47 47
29 33 8 37 40 10 2 39 25 17 15 4 3 11 32 35 5 28 12 7 38 36 30 27 14 23 22 9 31 18 26 34 1 24 20 21 19 13 6 16 16
1 7 3 2 4 6 5 9 11 8 10 12 13 15 17 14 16 18 19 21 23 20 22 24 25 27 29 26 28 30 31 33 35 32 34 36 37 39 41 38 40 42 43 45 47 44 46 48 49 50 50
17 36 25 35 38 41 14 21 4 6 12 7 29 22 32 24 47 1 28 45 18 15 9 11 40 3 43 5 48 8 31 33 39 46 34 37 26 27 16 10 19 2 20 42 49 30 23 44 50 13 13
29 12 3 4 2 16 5 20 7 6 27 9 14 19 26 43 1 8 11 13 25 24 28 18 32 10 15 22 17 31 34 46 23 30 21 33 50 35 49 36 42 37 39 41 38 45 47 44 40 48 48
4 6 1 8 5 2 7 10 3 9 9
9 1 2 50 3 4 5 6 7 8 12 11 10 18 26 27 28 24 23 22 14 13 17 15 16 20 19 21 25 30 29 33 31 32 36 35 34 41 37 38 39 40 44 43 42 49 45 46 47 48 48
20 4 18 22 14 47 17 28 38 23 9 33 11 49 2 26 1 44 48 35 43 13 7 40 3 21 15 30 25 37 16 24 19 42 41 8 10 29 46 36 31 12 32 45 27 39 5 50 34 6 6
18 17 21 20 24 23 22 6 11 19 14 27 35 30 38 43 42 41 45 44 48 1 5 4 8 7 2 3 46 47 9 13 12 16 15 10 25 29 28 32 31 26 33 37 36 40 39 34 34
14 8 13 1 3 4 9 2 17 16 7 5 6 18 15 12 11 10 10
3 9 24 18 13 1 28 11 5 21 2 25 27 8 14 16 19 4 17 20 7 10 26 23 15 22 12 6 6
19 40 35 14 21 3 15 22 25 36 4 26 5 12 29 13 37 8 18 7 6 24 2 23 32 1 39 9 20 27 34 33 16 17 30 11 31 28 38 10 10
28 6 38 15 18 9 35 32 21 31 23 37 49 16 14 20 8 39 47 3 26 42 44 4 5 41 50 7 30 43 17 33 48 40 1 34 29 46 11 12 24 10 36 19 27 22 13 45 2 25 25
10 3 46 38 14 33 34 35 39 31 18 6 2 20 28 23 41 40 29 16 12 22 19 42 26 27 17 30 5 36 47 13 4 44 9 49 7 43 32 11 21 1 45 25 48 37 8 15 24 50 50
2 1 3 4 5 6 7 8 9 10 11 12 13 14 15 16 17 18 19 20 21 22 23 24 25 26 27 28 29 30 31 32 33 34 35 36 37 38 39 40 41 42 43 44 45 46 47 48 49 50 50
14 12 16 44 45 26 9 13 21 39 31 32 10 7 8 37 34 35 18 25 15 28 48 50 1 2 6 49 27 41 23 17 3 29 47 33 19 4 22 30 43 36 24 5 20 40 42 38 11 46 46
5 21 43 1 30 50 19 15 2 28 37 3 35 13 10 14 26 20 27 16 17 45 34 32 8 42 47 36 11 31 39 6 40 4 7 41 48 18 38 49 24 9 29 23 22 25 33 44 12 46 46
29 40 2 12 11 14 6 27 28 13 36 35 38 49 50 15 26 25 42 41 46 45 43 48 4 31 44 33 39 1 22 30 23 10 7 34 17 20 19 24 21 32 3 18 8 5 16 9 37 47 47
47 11 40 20 19 25 41 31 35 18 5 15 27 42 3 16 1 28 33 32 4 45 37 14 2 50 13 6 44 17 29 21 22 10 34 38 39 8 9 12 46 43 30 7 24 49 48 23 26 36 36
13 19 37 28 36 5 9 24 21 3 26 12 42 10 49 50 48 4 1 6 31 2 8 16 30 40 46 23 45 22 44 41 25 32 17 34 29 35 20 14 39 38 33 43 7 11 47 18 27 15 15
30 1 2 3 4 5 6 7 8 9 10 11 12 13 14 15 16 17 18 19 20 21 22 23 24 25 26 27 28 29 29
35 30 29 23 20 19 13 10 9 3 2 6 7 8 4 5 50 1 49 43 40 39 33 32 31 36 37 38 34 11 12 16 17 18 14 15 21 26 22 25 24 28 27 41 42 46 47 48 44 45 45
22 27 14 1 24 31 5 43 8 37 2 41 39 19 6 21 25 33 44 16 30 47 36 18 10 3 38 23 50 29 15 32 34 45 48 4 40 13 20 42 17 26 12 9 46 35 49 7 28 11 11
2 5 6 1 3 4 4
12 14 34 36 18 50 5 10 9 27 38 6 2 22 32 7 20 46 28 26 15 37 4 16 40 17 31 42 39 45 23 8 30 29 44 1 11 24 33 13 43 3 35 49 25 47 19 48 41 21 21
30 9 45 32 13 6 34 22 42 43 29 40 31 21 39 37 7 4 26 33 18 24 46 17 36 49 23 8 15 27 50 25 47 48 16 35 19 2 12 10 20 14 3 38 1 41 11 5 28 44 44
24 21 14 20 19 6 29 5 9 8 27 22 7 25 13 11 15 2 3 1 12 30 28 23 31 10 26 4 32 17 16 18 18
28 10 23 3 33 24 7 2 21 20 22 43 17 5 32 26 8 12 35 4 11 41 27 19 1 38 6 18 46 29 16 36 9 14 47 49 39 30 44 48 37 13 25 50 34 15 45 40 42 31 31
3 2 1 5 4 7 8 6 6
33 27 35 25 31 1 20 40 4 36 48 50 8 47 2 23 37 3 21 24 22 28 38 7 6 15 11 41 17 45 30 34 42 46 16 19 9 12 29 43 13 5 26 14 10 39 32 49 18 44 44
3 39 1 47 36 24 32 7 5 44 35 2 29 16 14 20 30 49 43 8 46 19 4 26 12 31 18 9 45 21 33 10 37 38 50 17 40 34 41 15 25 42 22 23 6 27 11 13 48 28 28
14 26 2 48 5 35 18 6 45 9 49 31 21 40 38 7 11 33 3 17 28 12 42 19 8 41 20 4 10 27 24 43 15 47 37 23 1 13 32 16 46 36 22 39 25 50 34 44 30 29 29
5 1 23 4 30 14 11 2 46 20 31 37 32 33 13 21 50 9 45 8 40 10 28 26 19 42 48 12 24 36 15 29 43 25 3 6 39 34 44 41 17 7 18 27 38 35 16 22 49 47 47
11 12 13 1 2 3 9 8 7 6 15 14 16 4 5 10 10
1 6 5 8 3 4 7 2 10 9 9
1 2 3 8 7 6 4 5 5
8 6 4 3 7 2 1 5 10 9 9
30 38 6 7 1 13 44 17 48 4 35 37 45 40 31 11 33 14 16 27 42 12 39 3 25 10 5 19 2 8 21 9 41 23 34 46 24 15 47 22 29 43 32 18 36 26 20 28 28
29 47 22 46 12 23 13 43 26 1 37 2 40 9 36 4 6 38 27 30 25 31 48 19 28 42 5 16 7 41 45 18 8 34 15 35 32 44 39 20 21 33 11 49 24 3 14 10 50 17 17
45 48 46 43 40 37 34 31 28 25 22 19 16 13 10 8 5 2 1 3 4 6 7 9 11 12 15 14 17 18 20 21 23 24 26 27 29 30 32 35 33 36 38 39 41 42 44 47 49 50 50
13 11 45 48 40 42 9 44 43 41 50 25 16 24 33 46 3 32 28 27 5 10 23 37 14 18 31 38 29 15 30 39 4 2 17 35 20 12 7 19 21 26 6 1 47 8 49 34 36 22 22
50 20 15 33 25 32 6 4 29 37 8 7 1 30 46 47 35 3 48 14 28 45 39 2 38 17 24 31 40 9 34 36 21 11 19 10 49 23 16 12 22 43 13 42 44 18 27 5 41 26 26
11 18 48 6 20 19 41 38 10 13 29 44 43 27 21 50 47 37 4 32 42 22 14 23 16 36 1 31 9 8 25 15 33 2 40 26 30 35 12 28 39 5 34 3 24 49 17 46 45 7 7
9 1 4 12 15 21 8 3 2 22 19 13 6 11 5 20 18 17 7 10 14 16 16
46 49 50 43 48 44 42 47 41 45 20 18 14 19 12 17 16 15 13 11 30 10 8 9 5 7 2 3 4 6 1 21 27 24 26 29 25 22 23 28 36 32 40 31 37 33 38 39 35 34 34
3 2 6 1 5 4 4
10 9 12 13 16 15 14 6 11 19 18 17 20 21 24 23 22 3 2 1 4 5 8 7 7
11 12 1 41 5 47 6 17 31 25 26 28 19 35 27 33 30 43 44 38 50 49 4 3 9 8 24 23 29 21 22 13 36 34 37 39 40 46 16 18 14 20 2 7 10 48 32 45 42 15 15
25 1 5 2 3 4 9 13 17 24 6 7 21 8 10 11 27 28 29 30 26 34 49 31 32 38 42 46 33 35 36 12 14 15 37 39 40 16 18 19 41 43 44 20 22 23 45 47 48 50 50
32 11 16 35 44 7 33 8 46 6 27 18 47 20 28 12 49 3 5 1 48 19 26 42 9 50 45 23 30 2 13 21 43 38 31 14 22 25 10 29 36 41 4 34 37 40 17 39 24 15 15
49 16 36 22 26 35 34 24 37 3 8 41 10 39 17 13 45 12 25 44 30 47 43 4 46 48 20 1 28 15 32 18 7 31 27 19 2 40 11 50 42 9 33 23 14 38 29 5 6 21 21
15 14 18 5 4 3 6 11 17 10 12 20 19 13 7 16 2 8 1 9 9
42 3 45 17 22 1 24 33 8 7 37 6 11 14 18 19 27 31 32 35 43 44 23 40 38 41 13 34 2 4 9 20 5 29 28 48 21 10 25 39 26 12 16 15 30 36 46 47 47
38 7 27 17 43 18 49 13 46 20 30 47 34 48 44 6 41 5 23 16 1 39 25 4 24 40 12 33 3 14 15 22 19 21 28 35 8 37 29 9 31 50 42 45 32 2 36 11 10 26 26
16 18 36 2 44 30 10 23 35 24 7 27 13 41 12 8 22 43 14 42 49 15 34 11 28 45 25 50 4 31 5 48 47 21 19 33 20 29 37 32 26 9 38 1 40 6 3 17 39 46 46
12 28 3 37 19 4 15 50 27 14 41 30 33 36 20 7 32 49 2 38 44 10 13 16 11 26 42 17 48 40 21 46 1 8 24 18 9 22 47 45 25 35 5 29 43 39 34 23 6 31 31
25 8 26 7 9 27 14 11 2 15 37 20 33 1 4 5 16 12 36 31 35 10 6 38 32 13 23 21 18 29 3 28 39 24 17 19 34 30 22 40 40
32 25 30 9 4 13 48 8 37 34 26 49 6 16 11 19 24 50 27 23 44 42 21 18 22 3 40 10 5 47 46 12 33 7 35 38 43 31 1 28 36 14 17 2 39 45 15 41 20 29 29
45 10 25 23 38 8 2 13 40 47 3 20 37 24 32 15 16 14 44 5 11 30 41 9 7 49 35 34 26 12 22 48 17 43 33 4 19 50 1 36 31 6 21 29 39 18 46 27 28 42 42
43 40 21 13 5 28 46 48 29 12 2 36 25 44 45 50 14 6 22 34 38 4 37 47 20 18 8 35 31 7 17 23 49 41 42 9 1 15 24 3 27 30 26 32 16 10 19 11 33 39 39
42 40 22 1 3 41 20 38 28 23 49 29 32 30 8 25 39 47 6 44 14 27 21 7 2 48 50 33 9 15 46 10 34 37 17 45 4 36 12 35 5 13 18 16 26 11 19 31 24 43 43
50 48 6 9 12 29 11 4 3 42 7 25 21 19 24 28 33 35 26 49 2 36 40 45 37 22 16 47 5 46 13 43 17 8 1 30 14 15 10 27 38 23 31 32 18 20 34 44 41 39 39
6 7 8 1 2 3 4 5 9 13 17 21 25 29 33 37 41 45 44 43 42 46 47 34 35 36 10 11 12 14 15 16 18 19 20 22 23 24 26 27 28 30 31 32 38 39 40 48 48
13 12 14 26 1 50 2 49 3 27 4 48 5 47 6 28 7 46 8 45 9 29 10 44 11 43 15 30 16 42 17 41 18 31 19 40 20 39 21 32 22 38 23 37 24 33 25 34 35 36 36
25 8 17 49 36 2 4 48 38 16 12 27 10 14 22 43 24 31 23 21 32 20 39 35 45 1 33 13 5 40 18 28 19 34 46 3 41 44 26 7 50 11 30 9 29 42 15 47 37 6 6
40 45 37 18 35 41 6 20 24 15 4 28 13 2 46 22 25 30 1 3 23 39 7 21 47 48 14 19 12 16 50 8 42 33 17 5 26 11 44 31 38 34 32 43 36 9 27 10 49 29 29
10 21 36 14 28 46 8 5 31 41 29 4 40 9 35 19 13 3 42 18 15 11 26 45 16 2 6 49 48 44 37 22 23 7 38 32 25 43 50 47 33 27 12 30 24 39 34 17 1 20 20
7 50 42 32 18 34 33 41 14 10 20 30 17 36 47 9 38 5 4 19 45 24 28 8 39 13 40 12 16 46 2 26 22 15 27 11 48 25 43 35 3 29 21 37 1 31 49 23 6 44 44
19 14 9 11 16 20 5 3 10 17 12 1 8 2 15 4 6 7 13 18 18
1 50 49 48 2 3 4 26 25 24 23 27 28 29 5 6 7 30 31 32 8 9 10 33 34 35 11 12 13 36 37 38 14 15 16 39 40 41 17 18 19 42 43 44 20 21 22 45 46 47 47
43 39 14 41 47 46 8 7 1 42 3 2 48 49 50 19 12 11 28 22 6 5 40 45 38 23 24 25 26 27 32 10 9 13 36 35 34 16 15 30 29 37 21 20 17 44 31 4 18 33 33
32 4 47 7 48 6 28 16 41 2 49 5 26 13 46 11 42 1 27 12 45 10 44 8 30 22 14 17 34 18 19 15 29 9 3 23 35 21 36 37 24 38 39 33 20 50 25 43 31 40 40
37 48 24 14 3 8 2 4 15 19 26 45 11 6 46 17 40 44 12 35 27 10 50 22 34 1 9 38 33 41 49 31 25 5 36 42 39 47 16 32 28 43 30 21 23 7 18 13 20 29 29
1 15 2 26 27 28 4 3 5 29 30 31 6 7 8 32 33 34 10 9 11 35 36 37 12 13 14 38 39 40 16 17 18 42 41 43 19 20 21 44 45 46 22 23 24 48 47 49 25 50 50
32 16 17 30 44 21 31 1 7 11 18 26 19 28 48 46 49 13 5 37 22 3 50 40 39 6 2 47 45 29 36 4 8 23 9 27 20 10 42 14 43 24 12 15 25 35 41 38 33 34 34
6 18 28 14 27 43 5 30 33 40 31 8 38 2 42 11 34 20 37 3 46 7 32 17 48 12 41 36 16 49 22 39 21 23 25 50 9 19 45 13 29 35 15 26 10 24 47 4 44 1 1
2 14 1 26 3 49 4 48 5 30 39 27 6 47 7 45 8 28 9 34 10 44 11 43 12 29 13 38 15 41 16 40 17 42 18 37 19 36 20 31 21 46 22 23 24 32 25 50 33 35 35
22 23 27 28 25 24 26 29 21 4 2 1 9 5 6 7 3 10 8 30 13 12 16 11 15 19 20 18 14 17 44 43 41 50 47 49 45 42 46 48 35 37 39 34 36 33 31 32 38 40 40
31 2 24 38 34 19 42 8 15 17 13 36 5 16 3 48 32 1 4 12 40 33 30 26 49 41 23 21 46 7 18 45 28 11 43 20 22 25 50 9 6 44 14 37 10 35 29 47 39 27 27
16 17 35 47 27 37 18 9 3 19 6 32 4 14 34 50 1 29 15 36 30 22 12 33 21 44 10 31 38 43 40 46 49 8 48 45 7 24 23 39 2 13 5 20 25 28 26 41 11 42 42
9 7 16 3 4 2 12 5 10 11 1 13 6 15 14 8 8
29 41 40 45 14 3 43 37 9 22 5 11 28 19 34 1 13 32 12 20 6 36 38 10 21 50 44 4 24 18 42 8 35 46 2 17 16 49 33 7 26 48 15 27 23 25 47 30 31 39 39
7 48 3 8 40 36 41 4 22 25 31 50 1 12 42 33 20 49 13 29 32 45 28 44 24 37 26 23 5 2 34 39 27 14 46 16 6 9 18 43 21 11 38 30 10 47 35 17 15 19 19
28 4 13 30 9 6 10 19 8 17 34 33 31 1 14 44 40 5 11 26 7 47 24 25 32 50 3 12 36 37 2 18 23 21 35 43 27 39 46 42 45 38 48 41 16 15 22 49 20 29 29
40 23 24 4 10 19 33 26 36 1 17 18 34 32 22 3 15 13 28 35 29 2 9 5 27 21 38 16 8 11 39 30 25 7 12 20 37 31 6 14 14
1 12 21 47 45 31 13 16 14 7 49 25 19 39 6 17 36 2 11 44 3 46 41 8 28 38 18 35 37 34 10 22 40 9 42 23 4 30 50 33 24 48 15 29 43 32 26 27 5 20 20
45 22 48 7 28 21 15 20 29 44 1 25 32 30 2 41 35 5 33 49 34 6 47 40 17 10 19 27 36 26 4 38 8 11 24 43 37 39 23 31 12 9 3 46 42 16 14 50 18 13 13
39 12 13 14 15 16 17 18 19 20 21 22 23 24 25 26 27 28 29 30 31 38 4 3 2 1 50 33 42 9 10 11 40 45 6 7 8 43 47 5 46 37 41 48 34 44 49 35 32 36 36
4 14 18 50 36 48 40 33 24 17 23 5 45 20 32 9 21 16 13 46 37 31 7 35 19 30 38 26 6 34 8 22 39 41 29 1 28 49 15 43 44 11 2 10 27 42 12 25 3 47 47
37 26 6 28 1 42 44 18 7 16 47 45 9 5 27 21 19 36 39 31 20 10 11 38 22 15 41 8 49 23 17 4 30 24 14 34 33 29 3 35 32 48 2 13 40 12 46 50 43 25 25
11 10 5 8 4 3 12 1 7 9 2 6 6
1 50 10 34 19 7 15 17 21 4 20 23 36 9 28 16 37 43 14 25 11 5 24 46 6 2 30 32 29 12 35 3 8 45 49 40 44 48 42 41 27 26 47 18 22 39 33 31 13 38 38
25 34 36 28 23 33 44 17 21 38 12 30 32 13 15 5 50 31 37 18 22 46 39 27 3 20 1 19 35 29 24 2 4 9 10 43 6 48 45 14 26 7 40 16 41 8 11 47 42 49 49
39 32 46 25 2 37 9 40 12 29 30 19 44 1 23 21 11 22 43 50 17 5 26 4 35 15 48 42 13 49 34 3 10 7 28 14 45 27 6 33 31 41 16 38 36 8 20 24 47 18 18
23 3 4 11 6 10 1 19 20 17 7 2 12 9 21 24 18 14 16 8 13 15 5 22 22
18 40 4 10 15 26 39 41 6 36 44 9 24 11 34 21 22 1 46 3 12 14 31 19 25 23 47 5 45 33 43 13 2 48 42 16 38 17 8 30 27 32 28 37 20 7 35 29 29
6 3 4 5 8 7 13 19 10 16 22 21 24 1 2 9 12 11 14 15 18 17 20 23 26 25 30 27 28 29 32 31 36 33 34 35 38 37 42 39 40 41 44 45 46 47 43 48 48
44 50 9 20 21 22 7 8 10 41 13 24 25 49 31 48 16 30 32 47 18 46 33 29 14 1 36 4 12 3 39 19 17 26 23 34 42 6 35 40 45 37 28 38 2 11 27 15 43 5 5
19 49 42 30 45 39 8 26 28 11 2 4 31 18 37 5 9 7 3 41 13 1 20 22 12 48 34 38 15 27 43 32 23 17 25 24 6 16 40 29 10 44 21 33 35 36 14 50 46 47 47
1 2 3 4 5 6 7 8 9 10 11 12 13 14 15 16 17 18 19 20 21 22 23 24 25 26 27 28 29 30 31 32 33 34 35 36 37 38 39 40 41 42 43 44 45 46 47 48 49 50 50
12 24 22 2 18 26 8 13 10 17 6 9 15 16 23 19 1 3 14 7 11 25 20 5 4 21 21
20 22 14 37 34 29 18 4 2 26 38 36 9 3 8 44 33 27 19 24 1 50 35 43 17 5 12 41 46 39 15 25 13 45 49 42 16 11 10 48 40 28 7 6 23 32 30 47 21 31 31
38 31 32 1 2 3 26 21 22 23 27 24 25 28 29 30 4 5 6 33 34 35 7 8 9 36 37 39 10 50 11 12 40 13 14 15 41 42 43 16 17 18 44 45 46 19 20 47 48 49 49
8 50 19 1 28 41 35 24 36 22 15 16 42 23 6 31 37 18 2 3 12 17 32 38 47 25 4 27 13 46 40 43 9 45 33 5 14 39 49 48 21 11 26 29 44 34 7 30 10 20 20
12 13 1 9 15 18 6 26 3 31 7 16 44 36 10 5 28 48 39 49 24 20 23 11 19 38 37 43 50 27 40 30 33 17 25 8 32 41 4 22 35 2 46 45 14 47 29 34 42 21 21
50 4 35 6 8 42 12 26 13 33 44 40 25 39 11 23 49 28 3 1 17 10 41 5 20 48 18 45 2 14 30 21 38 15 31 34 36 47 16 27 7 9 32 29 37 46 22 19 24 43 43
10 29 39 42 9 41 45 37 32 20 31 48 33 46 43 18 26 22 28 13 7 14 2 5 11 47 4 19 27 50 25 40 12 3 24 30 6 16 34 38 49 21 1 15 8 23 17 35 44 36 36
38 41 5 8 45 46 31 9 20 14 4 29 30 18 23 26 28 7 44 11 50 13 2 19 15 12 24 6 17 33 47 10 34 16 39 27 37 32 35 42 48 25 3 21 36 22 40 1 49 43 43
8 17 37 49 1 41 5 27 20 30 31 39 38 32 9 36 6 2 22 13 3 23 47 35 12 48 24 26 29 40 46 34 11 21 14 25 10 16 19 28 44 7 45 33 42 50 4 15 43 18 18
48 27 11 34 21 17 15 31 9 23 45 41 1 12 3 46 14 36 8 13 28 20 38 37 10 43 19 22 30 16 44 29 32 25 42 47 2 39 6 24 35 26 18 50 4 49 5 33 40 7 7
1 5 3 6 4 2 2
28 15 12 17 24 30 5 20 8 3 18 14 22 9 16 27 11 21 10 26 4 19 1 25 6 13 23 7 2 29 29
38 44 5 26 11 12 34 33 6 19 47 48 15 17 25 39 36 29 50 30 46 9 7 40 13 37 18 35 27 4 41 45 10 20 3 23 31 32 49 14 1 21 43 24 22 42 16 2 8 28 28
0 1 2 3 4 5 6 7 8 9 10 11 12 13 14 15 16 17 18 19 20 21 22 23 24 25 26 27 28 29 30 31 32 33 34 35 36 37 38 39 40 41 42 43 44 45 46 47 48 49 49
9 28 17 20 7 30 6 11 10 23 33 12 22 18 15 13 2 34 25 29 4 24 3 26 32 31 19 16 21 1 14 27 5 8 8
3 5 2 8 1 11 9 6 12 10 7 4 4
1 4 3 5 6 7 9 10 11 13 14 15 17 18 19 21 22 23 25 26 27 29 30 31 33 34 35 37 38 39 41 42 43 45 46 47 2 8 12 16 20 24 28 32 36 40 44 48 48
49 48 47 46 45 44 43 42 41 40 39 38 37 36 35 34 33 32 31 30 29 28 27 26 25 24 23 22 21 20 19 18 17 16 15 14 13 12 11 10 9 8 7 6 5 4 3 2 1 50 50
15 41 32 17 39 26 47 12 43 31 35 28 3 20 49 23 6 48 25 7 13 33 42 11 1 18 40 38 9 4 34 8 24 30 10 37 5 29 21 22 50 36 46 2 16 27 14 19 45 44 44
7 15 10 1 14 17 3 4 9 2 11 18 6 12 19 20 5 8 13 16 16
26 9 7 3 20 4 29 8 30 2 37 1 15 17 32 6 10 19 27 35 12 11 5 25 21 31 24 44 16 23 34 45 50 18 42 13 36 43 39 28 14 22 49 47 46 40 33 48 41 38 38
26 50 17 2 5 28 6 1 3 8 32 9 13 24 22 37 25 16 10 12 19 49 29 4 38 41 31 42 14 36 39 48 46 44 34 30 45 47 33 43 35 18 11 15 27 20 7 21 23 40 40
5 46 18 27 50 40 24 37 23 3 2 13 7 10 14 26 16 15 22 8 9 36 30 39 20 11 4 33 41 29 42 12 17 47 19 1 45 21 43 48 25 49 35 44 38 6 32 31 34 28 28
44 14 20 27 34 36 11 9 31 47 24 15 25 38 43 41 49 6 19 3 5 32 30 33 42 7 45 4 22 28 1 29 37 18 2 46 39 8 10 12 16 23 21 40 48 13 50 17 35 26 26
23 34 11 15 20 24 42 46 43 25 19 1 39 12 27 28 35 22 16 38 14 31 17 3 32 8 10 9 26 33 13 2 41 21 30 40 7 37 44 4 45 36 29 6 5 18 18
11 40 2 28 17 9 13 14 16 26 42 20 32 4 31 25 29 38 10 18 8 23 34 21 39 3 24 19 41 1 22 7 27 30 5 6 36 33 15 12 35 37 37
11 32 20 19 46 44 6 5 12 40 3 4 48 45 7 8 50 2 1 14 13 18 47 31 21 22 30 29 23 24 49 25 26 37 15 16 33 34 28 27 38 41 42 10 9 35 36 17 39 43 43
6 36 14 50 29 42 44 7 10 49 46 48 13 3 32 8 20 4 37 21 41 2 22 40 27 18 34 31 43 30 19 28 25 47 23 33 38 16 1 5 35 17 24 26 9 15 45 39 12 11 11
10 9 8 7 6 11 19 14 22 27 35 30 38 43 42 41 40 39 1 2 3 4 5 12 13 15 16 17 18 20 21 23 24 25 26 28 29 31 32 33 34 36 37 44 45 46 47 48 49 50 50
37 42 26 35 9 15 44 46 11 20 22 33 19 23 32 40 29 39 8 36 34 25 14 48 21 45 13 30 10 16 50 17 12 24 41 27 49 31 38 6 5 4 3 2 1 47 43 28 18 7 7
5 24 8 17 7 14 47 4 3 2 1 12 10 45 9 30 50 18 16 15 34 36 38 26 27 22 21 28 40 19 25 13 46 23 35 31 41 48 44 6 20 42 29 39 33 43 49 37 32 11 11
29 19 38 16 24 22 47 10 3 1 17 44 23 11 13 6 5 15 41 34 18 26 30 12 45 31 33 7 32 48 8 40 50 42 2 9 4 37 25 39 43 14 20 27 49 46 28 36 21 35 35
3 2 1 5 4 6 6
12 47 33 22 37 14 29 27 36 2 10 30 7 21 11 32 6 50 44 46 15 42 20 43 3 35 1 23 31 48 28 34 45 8 9 13 5 18 41 4 16 19 26 38 25 49 24 17 40 39 39
35 44 11 21 3 34 42 28 22 23 9 31 24 14 15 49 19 37 36 48 26 4 40 7 30 45 33 43 32 46 16 25 10 1 38 2 18 13 29 50 20 41 39 27 6 17 47 5 8 12 12
32 6 37 15 21 20 34 28 33 13 3 44 10 40 49 38 12 31 14 22 50 5 16 27 41 26 42 48 24 17 29 7 25 11 8 4 47 43 45 9 19 1 46 36 35 30 39 2 18 23 23
39 41 50 1 43 25 14 49 40 8 18 28 29 19 16 33 48 32 38 2 3 44 26 10 20 5 27 42 34 21 9 23 15 22 13 30 36 17 6 35 31 24 37 46 7 45 4 47 11 12 12
6 18 9 30 50 33 26 15 32 8 1 34 5 39 20 43 23 2 7 40 27 36 11 19 35 22 49 29 24 47 41 12 37 13 21 45 14 17 48 44 4 28 38 16 10 3 46 31 42 25 25
9 3 8 1 2 4 10 5 12 6 7 11 11
10 4 6 11 1 2 33 12 14 18 3 5 43 16 17 37 7 8 49 21 22 15 9 13 23 24 28 48 19 20 38 29 30 25 26 27 36 31 34 40 32 41 35 39 44 42 46 47 45 50 50
9 33 19 46 17 14 4 8 38 2 50 5 1 42 24 39 32 47 27 25 26 37 13 49 6 45 43 35 48 28 16 31 22 11 36 40 41 30 3 44 21 15 18 23 12 34 29 10 20 7 7
35 30 26 3 1 9 32 33 40 8 2 10 27 28 37 7 19 15 34 42 38 4 12 20 31 29 39 22 16 14 49 47 36 5 11 21 50 44 45 24 6 13 41 43 46 23 25 17 48 18 18
18 41 33 24 16 43 6 8 12 9 2 47 17 1 19 22 15 14 26 21 45 31 10 28 27 34 25 7 20 4 5 35 30 13 3 46 11 39 37 40 38 48 44 42 23 36 32 29 49 50 50
32 27 22 39 17 6 31 50 14 38 44 48 43 36 15 18 3 37 25 33 12 23 24 49 30 4 5 21 13 1 28 40 7 11 10 9 16 35 26 46 20 42 34 8 45 41 2 19 29 47 47
41 35 3 23 10 34 49 24 43 47 15 4 42 46 44 16 28 36 45 7 8 40 14 25 20 29 18 31 32 37 27 33 1 13 30 39 21 19 12 2 11 48 38 5 26 9 50 17 22 6 6
3 22 40 41 39 37 4 17 33 19 21 13 26 12 50 18 42 30 11 2 28 7 23 25 36 14 9 20 27 34 16 15 46 8 10 35 5 49 31 45 24 48 38 6 44 1 43 47 32 29 29
45 19 26 15 44 3 38 50 18 11 27 24 14 42 7 48 28 37 40 12 17 35 23 8 25 4 43 41 6 5 1 20 2 46 29 33 10 16 13 36 49 30 47 22 31 39 34 21 32 9 9
13 1 14 7 8 3 5 9 11 10 6 12 2 4 4
9 14 1 13 11 20 18 2 4 7 15 19 3 12 16 8 17 6 5 10 10
11 10 9 3 1 5 7 12 4 6 14 16 15 2 13 8 8
2 18 12 4 5 3 8 6 7 9 10 20 13 11 15 14 16 17 22 21 23 24 29 28 27 19 32 33 30 26 25 31 34 35 36 37 38 39 40 1 1
4 12 35 14 46 30 39 31 38 9 24 3 25 48 6 21 44 8 16 28 17 15 34 26 33 20 47 32 23 41 19 11 42 1 10 5 49 36 43 2 7 50 13 27 22 45 37 40 29 18 18
6 1 8 25 32 29 15 46 17 26 10 42 39 14 41 3 12 2 48 35 33 5 18 50 21 22 7 16 19 44 40 30 11 4 49 45 23 20 47 37 34 38 24 43 36 31 13 9 28 27 27
1 2 3 4 5 6 7 8 9 10 11 14 19 22 27 30 35 38 43 46 45 44 31 32 33 34 12 13 15 16 17 18 37 36 39 40 41 42 20 21 48 47 26 25 24 23 29 28 28
1 2 3 4 5 6 7 8 9 10 11 12 13 14 15 16 17 18 19 20 21 22 23 24 25 26 27 28 29 30 31 32 33 34 35 36 37 38 39 40 41 42 43 44 45 46 47 48 49 50 50
43 45 44 46 47 42 41 8 33 1 29 28 27 26 22 23 24 25 3 2 4 5 6 7 37 9 10 11 12 13 14 15 16 17 18 19 21 20 30 50 49 48 35 34 36 40 39 38 31 32 32
35 21 4 13 31 43 47 14 37 46 2 8 22 44 6 45 7 36 40 42 25 3 18 24 41 20 10 39 49 23 17 50 28 12 34 26 5 48 38 27 15 16 30 32 1 11 19 29 9 33 33
10 18 41 38 28 40 30 23 29 8 11 12 13 4 44 21 45 3 22 33 15 35 17 26 6 7 32 20 14 43 5 2 34 9 19 42 25 37 39 47 46 48 16 1 24 36 31 27 27
6 49 5 45 10 17 44 18 34 9 29 39 11 25 41 40 33 43 37 27 1 19 23 13 3 31 14 28 7 8 46 26 30 21 32 4 47 50 16 12 38 22 20 36 48 42 15 35 24 2 2
22 15 46 20 16 6 40 1 42 23 24 41 4 19 33 14 36 9 45 43 39 35 38 26 29 48 5 50 30 13 2 8 28 34 25 27 7 3 21 17 44 49 18 37 47 31 32 11 12 10 10
41 19 7 1 2 14 3 8 25 10 15 5 6 28 16 20 23 4 17 34 21 13 24 31 22 9 26 29 32 42 36 40 33 27 39 11 37 35 18 45 43 44 12 49 46 47 38 48 30 50 50
26 37 18 16 1 12 24 46 2 4 15 23 19 6 13 35 5 36 42 14 8 41 7 30 48 31 44 20 9 3 34 22 11 25 38 28 32 50 21 17 45 40 10 33 47 39 49 29 43 27 27
14 30 32 43 49 29 48 44 25 36 46 8 41 13 47 21 20 27 19 37 38 24 39 10 1 3 7 33 15 26 22 18 4 12 11 23 50 6 34 5 35 45 16 40 2 31 17 28 42 9 9
2 1 4 6 3 5 5
13 45 35 49 25 8 21 43 36 2 29 40 50 48 20 17 32 44 42 7 10 23 39 6 1 19 5 31 16 4 24 47 15 27 38 41 33 3 14 26 46 30 18 28 37 12 22 34 9 11 11
5 3 2 10 12 11 6 8 4 7 1 9 9
15 16 17 18 22 21 24 20 19 13 12 4 5 10 11 14 8 7 6 9 23 3 2 1 1
40 34 16 22 9 14 15 36 7 18 47 42 29 2 10 27 8 43 3 38 24 19 30 11 37 13 46 39 17 12 5 50 35 44 21 4 48 32 49 25 20 6 23 26 28 41 45 1 33 31 31
33 47 32 34 11 6 36 48 38 20 4 23 27 41 30 2 22 28 35 39 7 50 29 37 14 45 5 26 21 1 42 3 17 46 16 12 40 19 15 43 9 13 10 31 8 25 49 24 18 44 44
19 10 38 5 35 4 49 11 3 15 17 44 21 14 40 26 9 48 28 25 13 18 45 37 47 36 32 41 27 31 33 1 6 20 8 50 23 39 2 22 29 12 34 42 46 43 30 7 16 24 24
1 22 4 34 8 28 3 6 21 26 27 2 16 29 19 41 18 50 5 37 12 10 39 43 45 49 47 13 15 9 30 24 33 36 25 14 42 7 23 35 31 20 17 11 40 46 32 48 38 44 44
10 9 13 12 16 15 14 6 11 19 22 27 30 35 38 43 46 45 41 40 36 37 33 32 28 29 25 24 20 21 17 18 1 5 4 8 7 2 3 23 26 31 34 39 42 44 48 47 47
2 28 16 43 47 39 4 29 42 44 40 25 26 30 35 15 7 23 34 48 11 17 21 22 31 6 1 12 18 46 9 13 24 38 41 45 5 20 27 36 8 10 19 32 37 14 3 33 49 50 50
9 39 2 29 21 12 8 41 24 40 17 5 50 23 22 43 45 36 14 4 31 26 27 7 11 33 37 34 19 42 13 3 32 48 35 6 25 10 46 16 44 15 1 20 47 49 18 28 38 30 30
1 4 6 3 5 7 2 8 8
27 10 22 45 3 13 36 33 30 14 44 7 23 1 2 15 38 11 28 16 25 4 18 12 8 21 34 9 39 50 42 41 35 5 46 6 24 37 40 49 29 20 26 32 31 19 17 47 48 43 43
6 13 3 2 1 11 9 14 5 12 8 7 10 4 4
8 2 1 3 23 50 40 10 32 38 29 17 20 36 13 39 46 4 35 5 33 21 11 6 26 45 30 28 24 18 16 7 12 27 9 19 22 47 49 44 48 42 43 37 31 34 41 15 14 25 25
1 2 4 3 6 5 7 8 8
12 11 10 7 8 9 13 14 15 18 17 16 1 2 3 6 5 4 48 47 46 43 44 45 22 23 24 21 20 19 25 26 27 30 29 28 34 35 36 33 32 31 37 38 39 42 41 40 40
43 23 30 5 12 7 18 6 14 41 32 19 10 26 28 36 4 27 20 33 3 8 22 50 11 48 34 1 16 25 45 49 2 24 21 31 35 17 42 37 9 29 13 47 39 46 40 15 44 38 38
12 14 1 19 13 8 6 26 15 24 23 3 4 17 9 16 11 10 20 18 21 7 25 22 5 2 2
12 1 3 5 2 4 6 8 7 9 11 13 10 15 14 16 16
18 17 21 20 24 23 22 6 11 19 14 27 35 30 38 43 42 41 45 44 48 1 5 4 8 7 2 3 46 47 9 13 12 16 15 10 25 29 28 32 31 26 33 37 36 40 39 34 34
21 43 34 22 6 29 35 44 40 45 41 48 47 10 39 11 25 7 2 19 15 26 37 28 3 33 42 38 16 31 8 23 46 9 27 30 14 13 1 36 20 32 24 4 5 17 12 18 18
1 27 26 28 2 29 25 30 24 31 3 32 23 33 22 34 4 35 21 36 20 37 5 38 19 39 18 40 6 41 17 42 16 43 7 44 15 45 14 46 8 47 13 48 49 9 50 10 11 12 12
22 30 19 17 33 37 11 27 38 50 47 31 49 9 28 7 48 6 24 44 36 40 43 3 1 8 14 10 39 34 15 13 2 29 41 25 12 21 42 26 5 16 18 23 46 32 45 4 35 20 20
41 43 46 48 50 49 1 3 6 8 7 5 12 20 13 21 28 36 29 37 44 42 45 47 38 40 39 10 9 11 14 16 15 33 35 26 25 27 30 32 31 4 2 18 17 19 22 24 23 34 34
47 33 25 3 28 7 22 26 18 15 17 34 8 10 20 45 19 29 9 44 38 40 12 14 37 16 42 5 46 39 11 6 50 41 13 32 4 2 35 36 30 21 1 43 27 23 48 31 49 24 24
28 19 30 49 26 29 38 42 11 27 34 37 24 18 12 41 45 3 25 14 6 22 5 36 1 10 7 44 31 43 40 23 47 21 20 32 15 9 16 33 4 50 39 13 48 2 8 46 35 17 17
40 4 2 8 26 1 50 7 12 30 6 3 9 32 27 23 5 13 28 20 47 11 10 37 24 16 29 17 31 36 44 22 14 18 42 38 43 25 39 33 48 21 41 19 35 46 15 34 45 49 49
4 2 10 1 3 6 9 5 7 8 8
49 1 3 50 2 8 17 10 41 6 38 43 36 16 22 35 47 27 32 15 28 18 45 21 31 26 9 4 37 39 12 7 24 33 44 20 42 23 46 34 11 29 14 40 25 48 19 5 30 13 13
2 3 5 4 6 7 8 9 10 11 12 13 14 15 16 17 18 19 20 1 24 22 23 21 21
37 43 2 6 20 29 4 22 18 17 32 47 15 35 48 41 31 36 1 16 40 7 46 21 19 11 34 49 44 45 14 23 42 10 5 26 24 13 12 9 38 39 27 30 33 3 28 25 8 50 50
25 8 5 37 6 9 19 12 24 28 30 44 40 48 15 41 7 43 11 14 26 3 47 4 13 38 31 34 42 16 17 32 18 45 20 36 23 10 22 1 27 21 29 2 33 39 35 46 46
15 16 22 2 10 3 20 14 18 11 4 21 12 8 7 5 17 9 6 19 1 13 13
41 47 17 6 32 9 10 13 45 48 12 40 8 5 31 29 22 28 25 24 18 34 44 11 16 14 15 38 26 27 39 43 4 42 30 20 3 2 50 33 19 46 21 37 49 35 7 36 1 23 23
4 5 6 7 8 9 10 11 12 13 20 21 22 23 26 27 30 24 29 28 1 2 3 15 14 18 19 16 17 25 25
48 13 22 6 36 3 30 32 23 9 11 38 8 10 21 35 27 18 40 29 39 41 46 34 14 7 31 28 49 17 25 50 37 12 24 1 19 44 42 2 45 20 47 33 43 4 5 15 16 26 26
4 6 13 3 10 5 11 9 8 14 1 12 2 16 7 15 17 28 18 24 25 30 20 22 29 19 26 21 27 31 23 32 33 44 34 40 41 46 36 38 45 35 42 37 43 47 39 48 49 50 50
5 23 22 21 44 28 4 38 49 31 48 2 32 43 16 12 29 42 24 14 34 27 45 7 30 36 37 15 6 40 46 3 35 47 33 25 41 1 19 11 50 8 18 17 26 39 13 20 10 9 9
32 47 27 15 29 44 22 12 8 37 45 24 23 25 42 4 1 6 28 14 46 3 16 26 31 36 38 13 33 10 18 39 40 2 11 5 50 9 41 43 30 19 21 49 35 20 34 48 17 7 7
11 12 7 6 5 29 25 26 27 28 19 20 21 22 23 24 32 33 34 30 31 13 40 39 38 4 3 2 1 8 9 10 14 15 16 17 18 37 36 35 35
22 44 1 40 46 11 33 12 36 35 43 45 31 7 13 23 34 39 20 14 8 28 27 15 6 18 48 30 41 5 24 37 50 21 19 3 26 42 32 29 2 17 25 47 9 10 38 4 49 16 16
23 40 39 14 16 33 20 13 5 34 35 9 42 38 36 46 6 21 43 26 18 2 27 44 31 32 17 11 19 7 4 22 30 3 1 47 25 8 24 29 48 49 41 28 12 45 10 50 15 37 37
43 1 3 2 4 6 5 7 9 8 10 12 11 13 15 14 16 18 17 19 21 20 22 24 23 25 27 26 28 30 29 31 33 32 34 36 35 37 39 38 40 42 41 45 47 46 44 48 49 50 50
10 9 13 12 16 15 14 6 11 19 22 21 17 18 1 5 4 8 7 2 3 20 24 23 23
5 12 28 34 27 50 42 6 9 16 47 23 3 40 1 32 19 33 41 36 22 8 10 11 39 24 14 7 43 25 49 37 17 29 20 30 48 45 44 21 15 38 13 31 46 18 35 2 26 4 4
8 4 33 35 12 1 27 39 25 23 28 13 24 44 9 16 34 7 31 2 41 45 42 48 37 29 20 5 6 15 17 43 10 38 3 11 50 36 18 14 30 49 21 19 26 22 47 46 32 40 40
1 3 2 4 5 7 9 6 8 10 10
1 2 17 39 48 31 14 21 13 38 29 33 9 16 22 32 34 36 11 23 5 43 44 35 24 3 7 45 47 41 6 10 8 37 46 50 20 18 4 28 49 27 15 12 25 40 42 30 19 26 26
17 21 20 24 23 22 6 11 19 14 27 35 30 38 43 42 41 45 44 48 1 5 2 3 4 8 9 13 12 16 10 7 15 18 26 25 29 28 32 31 33 37 36 40 39 34 46 47 47
48 47 46 10 43 11 12 13 14 15 16 17 18 19 20 21 22 23 39 24 25 26 27 28 29 30 31 32 33 34 35 3 2 1 45 44 7 40 8 9 41 42 6 5 4 36 37 38 38
3 8 5 1 7 4 2 6 6
30 36 14 17 44 19 28 24 21 18 13 12 10 22 16 27 8 5 43 23 45 34 48 39 37 35 32 42 25 3 49 41 20 46 40 50 15 7 11 33 1 29 9 4 6 26 31 38 2 47 47
3 4 5 6 7 8 9 10 11 12 13 14 15 16 17 18 19 20 21 22 23 24 25 26 1 2 27 28 29 30 31 32 33 34 35 36 37 38 39 40 41 42 43 44 45 46 47 48 48
3 39 26 7 42 5 15 43 47 6 25 35 48 17 45 30 2 18 50 41 36 46 34 12 32 1 4 13 23 40 31 37 33 20 21 16 49 8 24 38 19 44 28 27 29 14 22 11 9 10 10
5 2 3 4 1 6 6
45 21 42 24 44 27 23 28 20 15 9 12 4 8 37 13 35 40 30 29 7 5 33 36 10 17 46 3 26 32 41 11 6 34 18 14 31 2 16 38 39 43 19 1 22 25 25
23 24 25 26 27 11 14 19 22 30 35 38 43 46 45 44 6 5 4 3 2 1 10 9 8 7 15 16 17 18 42 41 40 39 47 48 28 29 36 37 31 32 33 34 12 13 21 20 20
39 34 9 7 17 48 49 12 23 2 37 26 15 10 45 35 8 29 36 5 50 24 44 16 19 33 31 1 11 42 14 13 20 27 6 28 38 18 40 25 47 41 3 46 4 21 30 43 32 22 22
23 20 16 22 36 5 2 13 1 3 18 12 10 14 21 24 26 34 44 15 33 37 39 48 29 25 41 17 40 49 7 19 45 30 38 43 31 4 8 6 9 35 32 27 42 11 46 50 28 47 47
28 31 13 17 35 27 6 30 9 32 21 23 1 7 20 43 41 44 8 49 16 34 15 14 4 3 2 24 47 38 11 37 22 12 5 48 42 50 46 39 19 25 18 33 26 29 10 40 45 36 36
1 4 2 3 3
20 22 8 9 2 5 10 4 1 7 3 6 11 13 14 24 25 23 18 16 19 26 12 15 21 17 17
38 43 29 17 48 8 37 20 14 34 6 9 7 27 30 15 47 23 33 2 18 46 3 11 1 25 32 39 21 4 5 31 40 26 10 19 28 36 49 24 35 22 44 41 16 12 42 13 50 45 45
2 38 10 12 7 5 1 6 39 11 8 42 15 24 4 41 20 18 25 23 13 21 9 43 17 22 26 28 19 27 47 14 46 3 33 16 45 29 36 31 34 49 30 32 35 37 40 44 50 48 48
17 2 28 14 37 1 22 50 16 20 25 33 12 30 32 3 19 21 49 18 44 40 29 5 36 15 31 38 24 48 27 4 8 23 34 42 13 6 43 35 26 7 10 39 45 9 47 41 46 11 11
8 23 46 15 28 39 31 36 6 21 37 33 20 16 13 50 27 19 12 48 42 30 3 22 5 35 14 9 45 25 29 41 24 1 4 10 34 47 17 49 7 40 38 2 43 26 11 32 44 18 18
46 44 9 12 20 1 35 38 19 18 7 4 33 17 21 47 13 6 16 34 39 26 50 48 36 28 24 37 43 8 3 41 5 11 22 29 15 32 2 10 45 31 14 23 25 42 30 27 40 49 49
21 3 35 36 1 14 2 30 29 50 7 23 4 27 20 25 10 37 44 33 9 28 22 47 43 48 13 46 34 41 17 15 16 38 31 39 18 6 45 49 24 26 40 8 11 42 32 5 19 12 12
18 17 21 20 24 23 22 6 11 19 14 27 35 30 38 43 42 41 45 44 48 1 5 4 8 7 2 3 46 47 9 13 12 16 15 10 25 29 28 32 31 26 33 37 36 40 39 34 34
3 16 8 11 19 9 26 24 7 1 4 17 13 14 20 18 22 21 12 6 15 2 25 5 10 23 23
1 3 2 5 6 7 4 8 11 9 10 13 14 15 12 16 19 17 18 21 22 23 20 24 27 25 26 29 30 31 28 32 35 33 34 37 38 39 36 40 43 41 42 45 46 47 44 48 48
5 6 1 8 7 10 11 4 12 15 3 16 14 17 18 9 2 13 13
45 11 47 17 29 7 15 46 27 5 9 32 30 35 16 23 19 28 37 31 14 49 22 24 12 42 26 18 44 33 34 4 25 43 21 13 36 38 40 6 39 10 50 48 2 41 1 8 20 3 3
35 3 1 5 6 39 15 16 42 18 37 24 45 23 31 20 19 7 4 8 2 33 12 21 11 49 46 47 34 40 36 38 27 43 14 48 50 10 13 9 17 28 30 25 26 29 22 32 44 41 41
22 23 24 25 26 27 21 20 19 29 30 31 17 18 28 1 47 48 2 3 4 46 45 44 5 6 7 41 42 43 8 9 10 40 39 38 11 12 13 35 36 37 14 15 16 34 33 32 32
50 38 4 5 27 20 47 29 42 23 15 6 14 21 26 9 7 10 3 35 16 2 37 39 18 17 34 25 22 48 30 11 40 19 13 32 41 1 49 24 44 33 43 8 45 31 28 36 12 46 46
6 5 7 21 1 2 12 8 10 16 3 4 15 17 18 9 11 13 22 23 24 14 19 20 30 25 31 46 26 27 35 38 39 28 29 32 42 40 41 50 33 34 43 44 47 36 37 45 49 48 48
1 5 3 4 2 6 6
41 19 20 13 11 14 35 16 33 32 5 31 49 48 12 26 27 24 28 43 6 47 39 3 10 42 38 18 46 29 4 50 8 34 9 37 17 44 23 7 40 30 36 21 2 22 25 1 15 45 45
1 2 3 6 7 4 5 8 8
50 2 1 46 45 44 43 42 41 40 39 38 37 36 35 34 33 32 31 30 29 28 27 26 25 24 23 22 21 20 19 18 17 16 15 14 13 12 11 10 9 8 7 6 5 4 3 47 48 49 49
6 4 33 13 7 30 25 14 31 1 12 21 2 10 22 29 27 11 20 35 16 19 3 28 34 8 15 17 26 18 36 9 5 23 24 32 32
34 44 24 25 4 38 7 33 1 22 42 9 28 21 39 47 23 10 35 30 14 20 45 8 32 15 31 27 29 36 26 40 13 16 17 11 12 5 46 18 43 6 3 37 48 41 19 2 2
29 48 47 35 10 39 50 43 46 14 37 8 1 7 40 49 34 36 25 26 3 19 38 15 24 23 33 6 41 18 21 16 45 12 13 9 11 42 20 27 17 30 5 22 32 31 28 44 2 4 4
8 9 10 11 12 7 6 5 15 14 13 2 3 4 18 17 16 1 1
40 9 1 3 4 6 2 5 10 8 12 15 14 11 17 22 13 7 18 26 23 20 16 24 21 19 29 28 27 37 31 30 32 33 44 36 39 38 35 34 45 46 47 43 42 41 49 50 48 25 25
26 9 7 3 20 4 29 8 30 2 37 1 15 17 32 6 10 19 27 35 12 11 5 25 21 31 24 44 16 23 34 45 50 18 42 13 36 43 39 28 14 22 49 47 46 40 33 48 41 38 38
37 23 43 14 44 36 5 6 24 29 12 33 10 32 13 50 7 19 39 3 8 25 42 22 4 48 31 16 9 41 27 26 20 35 21 11 17 34 40 15 30 47 38 2 49 1 28 45 46 18 18
30 6 46 37 14 3 12 11 21 5 9 17 7 19 10 44 24 36 42 35 29 40 1 33 4 28 20 18 39 38 2 31 34 43 41 16 32 8 25 13 15 27 22 26 23 45 45
9 21 42 35 4 22 13 30 46 8 17 36 28 12 18 33 23 2 31 41 3 5 34 32 44 14 10 11 37 29 45 6 20 26 1 16 39 19 7 43 25 40 38 24 27 15 15
6 33 28 25 18 14 44 20 3 9 26 7 1 35 15 4 5 36 37 2 48 47 43 40 21 13 16 22 24 19 31 41 50 8 12 17 38 49 46 42 39 30 11 32 34 27 10 23 45 29 29
34 48 45 10 18 20 16 27 44 49 28 25 15 4 2 5 24 39 50 38 36 47 37 19 6 7 1 13 40 22 21 9 41 33 3 12 8 32 26 14 11 30 35 17 31 46 42 43 23 29 29
16 3 8 11 19 9 26 24 7 1 4 17 13 14 20 18 22 21 12 6 15 2 25 5 10 23 23
7 19 9 12 5 2 17 22 23 10 21 6 4 30 8 27 11 26 13 15 20 28 29 18 25 16 1 24 14 3 3
20 21 19 30 28 39 37 38 1 3 2 12 10 11 4 6 5 15 13 24 22 33 31 42 40 41 7 9 8 18 16 27 25 36 34 35 14 17 23 26 29 32 43 44 44
21 45 13 49 22 26 3 31 30 11 50 24 20 6 41 28 4 15 9 2 32 12 35 1 34 8 36 27 46 18 5 40 43 7 23 48 37 10 42 14 25 17 39 38 33 47 19 16 44 29 29
45 16 43 25 18 21 37 17 19 47 12 23 42 5 39 27 20 44 29 7 36 4 31 41 46 28 34 48 14 10 15 6 11 26 38 50 49 8 1 30 40 9 22 32 35 2 13 33 3 24 24
44 8 17 39 40 48 32 1 9 19 13 21 35 7 29 45 27 43 47 4 6 25 15 10 18 34 11 23 24 2 36 46 37 20 14 28 33 30 41 31 26 38 3 50 16 22 5 12 49 42 42
39 22 25 1 50 28 15 13 47 21 36 44 45 42 12 10 6 5 40 35 31 27 11 30 16 9 41 8 34 24 17 46 33 38 14 23 48 49 18 7 29 26 4 2 37 32 20 3 43 19 19
2 7 44 43 31 30 27 28 29 22 4 24 25 26 33 9 47 46 45 3 1 10 11 12 13 14 15 16 17 18 19 20 21 50 49 34 35 36 37 38 39 40 41 42 6 8 5 23 32 48 48
47 2 8 24 10 18 22 15 21 38 13 30 36 32 20 14 49 19 5 50 27 3 43 41 37 44 1 29 26 4 16 42 17 45 31 6 48 7 39 11 46 9 34 12 35 33 28 23 25 40 40
9 15 33 40 10 41 28 2 5 13 17 18 23 7 1 16 34 24 21 35 20 32 36 14 46 31 25 26 3 30 43 19 47 12 22 6 39 4 44 8 11 27 29 37 42 38 45 48 48
33 40 39 38 34 35 36 37 5 9 13 17 21 25 29 41 45 44 43 42 46 47 48 1 2 3 4 6 7 8 10 11 12 14 15 16 18 19 20 22 23 24 26 27 28 30 31 32 32
9 18 23 20 12 30 19 4 17 13 21 5 8 27 6 2 26 31 16 32 29 10 24 3 15 25 14 22 1 28 11 7 7
2 1 3 26 27 28 25 4 5 29 30 31 24 6 7 32 33 34 23 8 9 35 36 37 22 10 11 38 39 40 21 12 13 41 42 43 20 14 15 44 45 46 19 16 17 47 48 49 18 50 50
1 10 2 4 5 3 7 9 6 8 12 13 11 15 14 16 16
1 22 10 2 13 4 24 8 20 3 15 9 14 7 11 5 23 26 6 25 12 16 19 21 17 18 18
39 10 8 28 31 19 2 1 34 35 27 15 50 23 12 25 9 5 48 33 20 36 16 17 41 42 3 29 45 30 37 26 11 40 24 18 21 14 6 32 47 7 43 4 44 46 49 22 13 38 38
1 3 6 4 2 5 5
39 41 15 16 21 48 10 43 17 45 8 38 14 30 31 35 33 44 27 37 40 28 29 13 11 32 46 34 12 36 9 25 19 49 50 22 23 42 18 26 20 47 24 4 3 2 1 5 6 7 7
8 15 14 13 9 10 11 12 4 3 2 1 5 6 7 48 16 17 21 22 23 18 19 20 28 27 26 25 29 30 31 24 32 33 37 38 39 34 35 36 44 43 42 41 45 46 47 40 40
25 47 8 31 27 40 12 18 22 2 34 23 1 13 46 35 3 49 50 28 42 10 6 17 15 41 5 19 48 11 30 14 37 44 33 20 4 43 9 24 26 45 39 29 21 7 32 16 36 38 38
44 42 5 38 41 11 24 47 21 17 33 35 46 25 45 26 30 2 43 37 13 32 48 7 6 29 22 14 31 4 19 12 27 20 9 3 15 28 16 8 1 10 40 50 49 36 23 39 18 34 34
22 48 14 2 6 37 20 43 12 30 21 50 9 16 19 49 38 17 32 41 27 3 28 31 23 39 29 47 7 44 15 36 35 5 1 8 4 34 18 45 24 33 42 40 13 11 26 46 10 25 25
3 43 46 6 1 7 34 14 38 21 44 5 50 8 19 20 11 18 39 12 42 15 16 45 10 30 41 36 31 22 40 47 25 48 2 24 32 26 35 27 28 37 13 4 33 23 49 29 17 9 9
7 27 33 3 10 44 25 4 12 6 42 8 43 9 48 47 34 2 37 13 20 21 14 40 16 29 38 45 22 18 5 41 35 23 1 39 32 30 28 15 36 49 19 11 24 50 46 26 17 31 31
25 14 12 5 30 44 6 21 18 48 19 20 10 16 22 35 8 3 15 34 39 46 42 31 43 49 26 50 40 33 7 29 38 1 11 37 9 17 27 24 36 23 47 4 32 28 13 45 2 41 41
42 30 1 41 7 34 19 36 6 12 9 14 31 8 45 13 44 17 43 38 15 16 4 11 5 46 40 33 25 3 24 49 37 20 39 32 26 18 22 48 21 47 35 28 23 2 29 10 50 27 27
17 26 47 21 41 15 27 19 29 37 1 38 9 48 22 8 31 7 30 4 2 6 42 3 34 14 32 28 39 11 23 25 18 35 45 36 16 44 50 40 49 33 12 5 10 24 13 20 43 46 46
6 10 5 47 46 48 38 3 12 30 31 49 1 14 9 13 15 33 26 41 20 22 35 17 28 40 43 2 34 16 39 44 4 45 37 36 18 21 11 24 32 8 50 25 19 7 23 29 42 27 27
45 24 17 43 10 27 30 2 36 1 21 7 39 3 49 13 12 14 33 31 9 47 38 16 20 26 6 46 18 19 15 40 48 4 32 35 34 11 5 41 37 22 44 23 29 42 50 25 28 8 8
10 9 13 12 16 15 14 6 11 19 27 22 35 30 38 43 42 41 45 44 48 1 5 4 8 7 2 3 46 47 17 21 20 24 23 18 25 29 28 32 31 26 33 37 36 40 39 34 34
23 31 14 8 16 24 5 22 33 48 38 12 20 28 47 25 49 6 30 37 4 10 2 11 9 26 42 7 19 34 27 32 13 21 41 35 43 39 17 3 18 40 29 44 46 50 36 15 1 45 45
25 1 50 2 26 3 49 4 48 5 27 6 47 7 46 8 28 9 45 10 44 11 29 12 43 13 42 14 30 15 41 16 40 17 31 18 39 19 38 20 32 21 37 22 23 33 24 34 35 36 36
7 16 6 50 37 48 15 14 20 29 47 26 18 8 1 42 45 31 11 24 4 28 27 40 3 17 23 36 44 38 9 2 25 39 33 32 13 12 5 49 46 43 21 10 19 30 34 41 22 35 35
7 10 1 28 17 33 12 11 19 23 26 37 48 39 27 30 41 21 32 24 43 13 46 44 34 31 35 20 3 47 16 2 15 8 5 49 29 6 9 38 22 40 45 18 50 36 25 4 42 14 14
4 11 7 17 18 8 15 1 2 10 16 12 5 3 13 19 6 20 9 14 14
26 1 50 2 49 3 27 4 48 5 47 6 28 7 46 8 45 9 29 10 44 11 43 12 30 13 42 14 41 15 31 16 40 17 39 18 32 19 38 20 21 33 22 23 24 34 25 35 36 37 37
6 27 8 22 21 4 39 13 35 40 2 26 45 41 42 5 19 29 10 28 11 23 3 31 7 30 49 37 16 48 1 33 46 15 14 9 50 18 44 25 12 24 38 20 17 34 43 47 36 32 32
1 17 2 26 27 28 3 4 5 29 30 31 6 7 8 32 33 34 9 10 11 35 36 37 12 13 14 38 39 40 15 16 18 41 42 43 19 20 21 44 45 46 22 23 24 47 48 49 25 50 50
1 49 8 10 12 14 15 31 17 43 6 22 27 30 32 40 45 41 44 47 16 5 9 19 23 24 33 34 37 42 4 2 7 13 18 25 28 29 35 50 48 3 11 20 21 26 36 38 39 46 46
10 13 11 2 9 14 5 3 4 7 8 1 6 12 12
1 5 2 6 3 7 4 8 8
1 2 24 25 26 27 28 29 30 31 32 33 34 35 36 37 38 39 40 41 42 43 44 45 46 47 48 3 4 5 6 7 8 9 10 11 12 13 14 15 16 17 18 19 20 21 22 23 23
9 13 12 16 17 21 20 24 1 5 4 8 7 6 19 18 2 3 14 15 10 11 22 23 23
2 50 32 28 29 3 43 39 45 10 15 33 6 27 13 7 9 25 46 18 14 37 22 49 40 1 19 47 26 30 42 20 5 17 21 38 8 24 12 41 44 48 31 36 4 23 16 11 35 34 34
41 48 17 22 43 10 46 39 19 45 50 26 32 2 35 11 24 8 38 33 20 4 30 13 16 29 47 9 40 27 34 37 49 36 42 14 6 7 5 25 21 12 28 18 23 3 1 15 31 44 44
2 4 1 3 5 7 6 8 9 11 12 10 15 13 16 14 14
7 13 5 27 18 28 10 33 17 19 3 39 21 9 20 29 2 32 30 34 12 8 22 36 37 11 6 25 23 31 38 24 1 40 26 14 35 4 15 16 16
28 22 12 43 23 32 27 7 6 49 25 14 31 10 34 5 17 20 8 38 18 35 3 46 44 15 2 4 9 13 39 16 26 40 11 45 33 19 21 42 50 41 1 47 36 29 24 37 48 30 30
20 17 41 30 49 35 42 11 28 39 33 25 44 47 45 19 26 6 2 12 21 22 32 34 27 38 9 48 18 31 3 5 4 10 15 46 50 43 16 36 37 24 14 8 23 7 1 40 29 13 13
17 18 22 1 43 6 50 32 40 14 9 16 29 8 38 13 44 46 28 42 12 7 27 3 5 19 35 26 20 10 2 41 21 25 45 23 37 11 33 4 31 39 36 48 47 34 15 24 49 30 30
24 25 33 7 6 5 4 3 2 1 17 22 23 8 9 10 11 12 13 14 15 37 36 35 34 43 44 39 38 29 30 31 32 28 20 19 18 27 26 40 16 42 21 49 50 41 48 47 46 45 45
19 12 23 21 10 22 7 25 34 33 24 31 2 13 18 28 17 32 5 16 15 1 9 27 4 6 14 8 26 29 20 30 3 11 11
6 32 2 11 24 46 44 21 5 33 22 15 48 34 39 41 40 7 25 8 1 20 26 37 36 50 17 43 27 10 4 30 29 19 28 16 35 38 13 31 23 14 45 18 49 12 47 3 42 9 9
30 39 50 23 6 22 27 2 9 34 19 11 44 15 18 33 20 1 7 41 25 43 38 32 42 8 40 29 48 3 14 26 28 12 46 13 35 21 49 5 37 16 31 17 47 4 24 10 36 45 45
24 40 13 18 37 6 19 39 17 8 7 11 27 4 31 2 12 5 35 3 1 32 20 28 36 21 9 22 14 33 30 34 25 15 10 29 16 23 26 38 38
19 9 8 1 2 3 4 5 16 6 7 23 13 10 11 12 20 14 15 17 21 18 22 24 24
14 15 16 12 8 7 6 11 19 27 22 30 35 43 38 46 45 41 37 36 32 28 29 25 21 20 24 23 1 5 4 3 2 9 13 17 18 10 26 31 33 34 39 40 44 48 47 42 49 50 50
33 40 39 38 34 35 36 37 5 9 13 17 21 25 29 41 45 44 43 42 46 47 48 1 2 3 4 6 7 8 10 11 12 14 15 16 18 19 20 22 23 24 26 27 28 30 31 32 32
25 30 26 47 9 40 21 5 35 3 12 31 49 22 8 15 4 16 20 28 43 50 45 1 7 29 38 24 42 27 46 14 33 17 44 19 11 34 37 36 10 2 41 39 32 23 48 13 6 18 18
1 5 4 6 2 3 3
28 41 12 17 44 40 6 37 39 32 13 3 25 26 27 19 10 14 22 30 23 29 38 43 46 47 5 33 2 15 16 18 21 20 34 1 11 31 4 8 7 42 45 36 9 24 48 35 35
9 1 2 3 4 5 6 7 8 10 10
1 3 5 2 4 6 6
1 2 3 4 5 6 7 8 9 10 11 12 13 14 15 16 17 18 19 20 21 22 23 24 25 26 27 28 29 30 31 32 33 34 35 36 37 38 39 40 41 42 43 44 45 46 47 48 49 50 50
48 39 19 44 10 4 38 36 18 45 43 8 42 12 27 34 26 15 24 16 25 6 3 21 17 14 23 13 35 11 9 29 41 2 33 30 20 7 1 49 40 31 32 50 22 47 5 28 46 37 37
45 48 46 43 40 37 34 31 28 25 22 19 16 13 10 8 5 2 1 3 4 6 7 9 11 12 15 14 17 18 20 21 23 24 26 27 29 30 32 35 33 36 38 39 41 42 44 47 49 50 50
6 5 4 3 7 8 9 2 10 11 15 16 17 12 13 14 22 21 20 19 23 24 25 18 26 27 31 32 33 28 29 30 38 37 36 35 39 40 41 34 42 1 48 47 43 44 45 46 46
2 6 9 16 27 15 5 3 11 17 22 28 14 26 19 18 4 24 20 25 12 1 7 23 21 13 10 8 8
19 12 17 39 34 29 28 32 7 16 14 9 36 13 45 48 42 35 24 4 11 5 3 18 23 25 26 50 2 43 21 8 1 20 47 15 46 10 22 37 31 6 44 33 40 30 27 41 38 49 49
27 12 32 3 40 30 13 2 43 19 29 15 4 6 42 14 50 44 17 49 18 33 11 23 39 7 5 28 1 24 21 36 38 10 20 41 46 9 34 48 45 25 37 47 8 31 16 35 22 26 26
29 40 28 1 7 23 12 48 37 18 13 2 33 34 45 4 10 32 8 19 35 43 24 30 36 5 9 14 20 15 16 3 42 27 25 22 47 6 11 46 26 50 38 41 44 49 21 17 31 39 39
6 41 4 18 36 26 35 20 19 49 44 3 42 27 29 23 38 50 5 1 48 30 28 21 24 37 16 12 22 32 33 2 25 7 47 9 17 15 31 43 39 13 45 8 14 11 40 46 34 10 10
4 19 28 26 36 9 42 16 21 35 41 2 6 17 12 34 24 50 1 5 44 27 22 29 32 7 11 37 14 15 20 46 45 31 47 30 43 3 23 18 33 38 49 39 8 40 10 13 48 25 25
10 9 13 12 16 15 14 6 11 3 2 1 5 4 8 7 7
9 5 11 42 47 22 7 2 4 15 3 45 43 25 21 20 46 23 29 10 49 37 26 17 40 6 35 13 50 24 48 14 33 19 36 27 30 16 44 39 32 34 41 28 8 1 18 12 31 38 38
47 19 44 38 35 23 22 25 6 32 28 20 2 5 50 18 17 39 34 46 8 33 21 49 3 31 40 7 12 37 41 43 48 24 4 29 16 13 9 42 10 1 27 26 11 36 15 30 45 14 14
3 23 10 25 11 28 44 12 16 7 5 24 17 33 43 14 8 46 18 26 32 27 49 45 36 40 34 47 38 31 42 29 15 20 1 2 22 37 41 39 21 30 9 19 13 35 50 4 6 48 48
8 1 5 6 4 3 10 2 7 9 9
5 6 7 8 9 10 11 12 13 14 15 16 17 4 3 2 1 18 19 20 20
37 32 31 38 35 33 50 41 44 48 43 47 46 49 45 42 17 13 20 15 16 11 14 18 19 12 30 7 5 9 4 8 3 6 1 10 2 21 29 26 23 27 24 25 22 28 39 40 34 36 36
34 36 43 3 18 28 33 32 11 25 20 15 50 16 4 45 21 14 12 42 38 22 17 13 46 5 27 24 26 10 47 6 9 37 39 2 29 30 31 40 8 23 49 48 41 1 19 7 44 35 35
20 19 4 7 30 31 46 33 15 35 28 5 22 11 39 34 43 40 2 23 48 12 6 44 18 1 32 16 13 10 21 49 8 25 3 14 26 50 24 36 42 29 38 9 45 41 17 37 27 47 47
47 5 50 31 23 28 39 11 22 27 34 15 10 13 46 4 1 30 7 2 9 17 38 32 35 20 33 49 24 40 43 36 41 8 29 12 44 6 37 3 14 18 45 48 21 26 16 25 19 42 42
3 6 4 2 1 5 5
10 29 19 23 1 9 8 5 12 27 22 20 3 7 16 6 2 11 21 24 14 4 15 17 13 25 18 28 26 30 30
3 5 7 2 1 6 8 9 10 4 4
30 29 1 2 9 23 8 11 22 26 13 7 32 20 44 33 28 3 47 24 16 41 27 38 34 25 18 14 36 19 42 48 21 4 49 17 45 6 31 46 39 10 15 40 50 37 12 35 5 43 43
27 28 17 18 19 20 21 13 12 11 10 9 8 1 6 5 4 3 2 7 26 16 15 14 25 24 23 22 22
6 18 15 33 41 48 47 9 23 22 32 2 10 27 14 20 50 37 39 3 11 17 25 7 35 46 31 24 12 16 42 30 28 36 19 45 49 34 5 44 26 8 43 21 13 38 4 29 40 1 1
42 43 44 45 46 47 48 9 24 1 16 25 17 32 40 39 38 37 36 35 34 33 41 8 7 6 5 4 3 2 10 11 12 13 14 15 18 19 20 21 23 22 26 27 28 29 30 31 31
30 40 7 27 22 37 25 23 15 1 47 4 12 5 46 34 2 21 19 49 44 48 10 35 17 3 41 26 13 16 29 31 28 38 18 36 24 20 33 8 6 32 11 45 9 39 43 14 42 50 50
1 15 2 26 27 28 3 4 5 29 30 31 6 7 8 32 33 34 10 9 11 35 36 37 12 13 14 38 39 40 16 17 18 42 41 43 19 20 21 44 45 46 22 23 24 47 48 49 25 50 50
2 31 11 1 9 5 4 3 6 13 7 10 12 20 8 19 14 16 18 15 17 24 23 29 21 32 25 27 33 26 22 35 34 28 30 37 40 39 43 42 45 41 47 44 38 46 48 36 50 49 49
1 2 3 4 5 6 7 8 9 10 11 14 19 22 27 30 35 38 43 46 45 44 31 32 33 34 15 16 17 18 24 23 26 25 20 21 37 36 12 13 42 41 40 39 29 28 48 47 47
5 10 7 15 16 8 2 18 6 11 17 14 13 19 3 12 4 9 20 1 1
0 1 2 3 4 5 6 7 8 9 10 11 12 13 14 15 16 17 18 19 20 21 22 23 24 25 26 27 28 29 30 31 32 33 34 35 36 37 38 39 40 41 42 43 44 45 46 47 48 49 49
24 16 15 30 25 31 28 7 29 13 1 37 36 38 45 21 35 6 41 27 2 10 23 5 20 32 46 9 44 49 39 26 19 34 40 8 43 14 12 22 50 3 18 17 42 48 33 4 47 11 11
38 50 10 25 9 32 14 3 39 33 12 21 24 47 36 23 20 4 27 6 1 2 18 34 40 45 19 42 26 28 16 37 17 46 22 49 29 35 8 30 44 5 15 13 7 31 41 11 43 48 48
20 27 23 7 36 4 14 6 35 3 17 16 9 49 2 32 38 8 28 45 33 48 43 42 10 12 15 46 22 34 26 31 5 29 37 39 24 25 50 18 44 19 21 30 13 41 1 11 40 47 47
9 1 2 3 4 5 6 7 8 10 10
42 24 30 6 3 5 4 7 8 9 10 11 12 48 18 36 21 39 46 16 34 25 1 31 13 43 40 22 28 14 32 2 26 20 38 17 35 27 41 23 29 37 19 44 33 15 45 47 47
6 9 10 35 50 16 7 27 13 11 41 46 2 31 1 39 17 32 5 22 34 47 15 38 40 36 28 12 25 37 14 8 21 43 20 29 19 42 49 24 33 26 18 30 23 48 45 44 3 4 4
3 4 8 7 6 1 2 5 9 10 11 13 14 15 12 16 17 18 19 21 22 23 20 24 25 26 27 29 30 31 28 32 33 34 35 37 38 39 36 40 41 42 43 45 46 47 44 48 48
8 6 43 21 4 23 19 1 46 3 11 5 22 13 10 40 7 18 35 33 15 20 47 39 14 32 29 17 37 9 30 42 12 34 45 31 26 28 44 48 2 36 25 50 24 49 16 27 41 38 38
22 17 4 13 21 5 1 14 20 6 9 16 8 24 7 11 2 10 23 26 3 18 25 15 12 19 19
8 3 12 11 1 5 15 7 2 13 10 14 6 9 4 16 16
4 6 5 12 11 10 13 14 9 8 7 3 1 2 16 15 17 18 19 20 20
38 48 36 13 3 22 26 50 32 25 1 11 37 4 46 19 49 20 10 42 12 31 43 33 15 29 34 18 14 27 41 47 21 9 8 40 16 28 30 23 35 24 17 7 39 44 2 5 6 45 45
45 36 47 18 28 13 7 5 41 34 16 38 23 6 44 21 25 32 3 8 4 26 37 40 1 35 15 20 17 46 39 9 48 24 27 50 43 29 49 11 14 2 30 19 33 31 12 42 22 10 10
40 39 34 35 32 36 38 31 37 33 30 29 24 25 22 9 4 5 2 6 8 1 7 3 10 13 17 11 18 12 15 14 19 20 23 27 21 28 26 16 41 47 46 44 48 50 43 49 45 42 42
32 31 13 5 1 29 24 34 22 33 19 3 35 44 25 14 37 36 28 11 9 6 41 43 23 18 10 7 42 49 39 50 12 17 15 40 38 48 45 21 16 8 4 46 30 26 27 47 20 2 2
3 2 8 9 1 4 7 5 10 6 6
5 1 2 28 9 24 12 33 17 37 19 21 18 41 32 34 38 31 47 40 42 6 7 45 46 13 44 11 16 4 8 3 27 22 23 25 36 29 30 14 15 20 43 26 35 39 48 50 49 10 10
1 2 3 4 5 6 6
6 7 9 10 11 5 14 13 12 1 4 8 15 16 2 3 3
49 48 47 46 45 44 43 42 41 40 39 38 37 36 35 34 33 32 31 30 29 28 27 26 25 24 23 22 21 20 19 18 17 16 15 14 13 12 11 10 9 8 7 6 5 4 3 2 1 50 50
23 44 19 27 32 48 7 38 8 6 33 50 46 22 10 47 21 9 26 43 3 20 36 25 16 45 15 24 17 30 37 4 40 41 12 35 34 39 42 14 13 29 28 49 31 2 18 5 11 1 1
36 1 50 2 49 3 26 4 48 5 47 6 27 7 44 8 41 9 28 10 29 11 46 12 45 13 30 14 43 15 42 16 31 17 40 18 39 19 32 20 38 21 22 33 23 24 25 34 37 35 35
4 1 2 6 9 12 3 5 20 7 8 14 10 11 13 15 22 16 17 18 19 21 21
24 20 7 31 47 4 11 29 30 40 21 41 32 33 35 45 10 17 44 3 46 42 25 2 43 8 36 26 50 27 39 6 12 22 48 5 9 15 37 13 14 34 19 1 28 23 38 16 18 49 49
38 31 32 9 1 2 39 33 34 12 11 13 46 41 42 7 3 4 50 43 44 8 5 6 29 21 22 23 26 24 25 27 28 30 19 14 15 45 47 48 18 16 17 37 35 36 10 40 20 49 49
38 11 3 2 1 8 4 5 6 7 9 12 23 14 28 15 16 43 13 17 24 20 19 25 33 18 21 10 39 26 37 29 42 27 32 36 48 22 45 30 35 34 44 31 41 47 40 46 46
41 7 3 20 13 4 24 31 6 5 11 1 45 42 37 12 10 30 50 29 32 36 26 46 25 34 43 23 39 35 33 28 9 19 21 44 18 16 2 15 17 22 40 48 49 14 38 8 47 27 27
16 14 5 30 39 50 25 8 35 9 34 22 33 19 47 3 31 15 21 46 11 12 27 23 28 40 20 43 13 38 4 44 1 26 24 2 42 17 7 36 10 32 48 41 6 37 18 49 45 29 29
26 1 50 2 49 3 27 4 48 5 47 6 28 7 46 8 45 9 29 10 44 11 43 12 30 13 42 14 41 15 31 16 40 17 39 18 32 19 38 20 21 33 22 23 24 34 25 35 36 37 37
3 1 2 4 4
45 18 7 3 32 36 27 24 4 22 37 21 35 49 48 11 9 43 50 40 16 17 44 33 28 5 1 30 15 12 8 31 34 6 38 13 10 39 2 47 42 41 19 14 20 46 29 23 26 25 25
17 45 18 3 13 6 49 23 7 40 42 1 35 4 44 12 47 29 20 9 46 27 14 21 15 2 19 26 43 24 22 33 25 28 32 16 37 34 11 30 50 5 48 8 36 39 31 38 10 41 41
49 45 21 40 13 14 2 24 29 33 7 26 36 9 20 4 27 39 50 3 48 43 19 23 17 30 11 15 31 37 12 5 47 18 42 1 41 8 22 16 28 10 38 25 32 44 46 34 6 35 35
1 2 3 4 5 6 7 8 9 10 11 12 13 14 15 16 17 18 19 20 21 22 23 24 25 26 27 28 29 30 31 32 33 34 35 36 37 38 39 40 41 42 43 44 45 46 47 48 48
21 23 24 27 25 26 32 31 29 20 18 17 6 8 5 2 4 3 15 14 13 11 10 12 22 19 1 30 28 16 7 9 9
2 37 8 5 24 27 1 26 11 45 18 15 6 13 42 19 46 22 39 10 33 36 35 17 3 9 30 20 31 14 50 4 43 47 34 48 23 29 38 44 25 40 32 21 7 16 49 41 12 28 28
14 35 10 27 3 7 48 39 5 16 20 50 17 47 4 25 31 26 37 28 40 42 30 6 22 41 43 1 11 9 44 2 34 36 19 12 13 15 38 18 24 8 29 49 33 45 32 23 21 46 46
32 14 26 15 7 22 11 21 33 40 6 35 36 34 9 29 12 3 20 27 24 39 4 17 13 1 37 28 10 30 19 2 16 25 31 8 23 5 38 18 18
9 25 37 47 42 15 22 20 35 5 6 8 1 43 41 50 32 21 33 4 17 7 26 46 18 44 19 24 11 28 3 45 14 31 23 10 16 12 40 30 49 13 2 29 39 27 36 48 34 38 38
18 17 13 12 8 4 5 1 2 3 6 11 19 14 22 27 35 30 38 43 42 41 37 36 32 28 29 25 21 20 16 15 9 10 7 23 24 26 31 33 34 39 40 44 45 46 47 48 49 50 50
24 36 3 23 7 28 44 29 48 46 2 50 34 21 15 49 25 20 37 40 1 27 45 12 9 10 30 17 8 11 13 32 38 6 19 26 33 5 4 35 14 47 16 22 41 31 18 43 42 39 39
14 20 3 9 43 1 4 45 49 10 2 6 7 44 34 8 22 19 15 33 38 47 37 23 40 32 21 36 42 26 18 5 17 35 48 12 25 24 29 39 28 27 46 30 13 31 50 16 41 11 11
48 49 22 4 24 16 17 19 44 43 41 40 39 38 37 36 12 9 46 8 7 18 23 50 14 13 34 33 15 29 28 3 10 11 20 6 5 21 2 1 42 32 31 30 47 45 35 27 26 25 25
9 28 40 1 27 4 33 34 21 23 39 11 22 44 50 2 47 49 10 38 12 32 24 20 3 41 17 42 36 26 29 7 37 5 25 14 35 16 19 30 31 6 15 43 46 13 8 18 45 48 48
0 1 2 3 4 5 6 7 8 9 10 11 12 13 14 15 16 17 18 19 20 21 22 23 24 25 26 27 28 29 30 31 32 33 34 35 36 37 38 39 40 41 42 43 44 45 46 47 48 49 49
12 26 29 4 1 36 44 42 7 27 10 16 49 45 37 35 2 3 48 46 33 18 19 41 32 50 39 24 34 43 11 9 21 31 5 20 17 22 40 28 47 8 13 14 38 6 23 15 25 30 30
44 3 7 50 5 48 32 47 34 19 14 30 11 38 39 16 13 20 46 29 26 33 28 6 43 10 12 36 40 23 41 15 21 42 24 37 35 27 25 4 22 8 17 49 9 2 18 31 45 1 1
2 31 12 7 17 14 8 37 10 22 15 5 1 9 47 4 13 20 18 16 24 11 34 25 19 29 21 32 27 3 46 43 26 28 38 6 39 42 45 36 40 50 23 48 49 35 41 33 30 44 44
16 34 43 25 31 29 12 41 33 47 49 37 48 40 3 1 9 17 4 15 44 30 10 18 13 21 6 8 35 46 28 26 23 32 38 24 42 27 5 19 20 39 7 45 50 36 2 22 14 11 11
30 31 32 33 34 35 36 37 38 39 40 41 42 43 44 45 46 47 48 49 24 25 26 27 28 29 1 2 3 4 5 6 7 8 9 10 11 12 13 14 15 16 17 18 19 20 21 22 23 50 50
3 1 4 2 5 6 7 8 9 10 11 12 13 14 15 16 17 18 19 20 21 22 23 24 24
1 3 7 6 2 5 4 8 8
49 24 4 29 7 8 12 50 27 10 5 6 47 44 16 33 15 37 23 13 38 3 31 1 48 22 21 28 9 14 41 46 25 43 39 11 34 19 40 42 45 17 36 18 32 35 20 26 30 2 2
18 17 21 20 24 23 22 6 11 19 14 27 35 30 38 43 42 41 45 44 48 47 46 3 2 1 5 4 8 7 9 13 12 16 15 10 25 29 28 32 31 26 33 37 36 40 39 34 34
1 3 2 4 5 6 7 8 9 10 11 12 13 14 15 16 17 18 19 20 21 22 23 24 25 26 27 28 29 30 31 32 33 34 36 35 37 38 39 40 41 42 43 44 45 46 47 48 50 49 49
40 13 20 26 24 6 15 7 19 41 42 39 28 1 43 22 32 50 47 18 25 33 2 11 4 46 44 37 3 34 21 5 49 36 30 35 45 23 8 27 48 17 38 9 12 14 16 29 31 10 10
40 7 33 24 31 10 38 35 13 22 41 26 23 5 2 27 37 43 45 48 49 12 1 50 14 28 32 29 15 19 16 4 34 39 42 47 6 36 25 9 18 3 20 21 8 46 30 17 11 44 44
47 32 5 24 3 1 7 2 13 4 28 20 37 21 22 12 36 35 23 8 9 29 17 19 42 16 10 41 30 14 34 15 48 33 31 11 25 27 6 46 39 38 45 43 44 26 40 18 18
49 26 9 34 37 27 50 23 21 4 7 10 14 39 41 29 19 3 12 40 31 13 35 11 38 46 45 20 1 33 36 18 2 16 42 5 43 24 6 28 8 25 32 30 44 22 47 48 17 15 15
17 16 32 46 15 9 7 25 22 28 21 14 8 40 2 50 27 37 33 31 36 44 42 10 41 47 48 38 30 20 45 12 49 34 18 1 19 5 29 3 4 13 35 43 11 6 24 23 26 39 39
33 44 14 17 18 13 16 10 5 25 19 27 39 41 24 26 30 37 21 49 28 15 11 42 35 32 22 23 47 43 7 36 50 31 1 45 46 9 48 38 4 2 34 20 6 29 8 3 12 40 40
28 30 3 2 1 6 13 4 5 29 22 27 20 18 7 8 10 12 19 17 24 26 21 23 25 14 16 11 15 9 9
39 6 16 12 46 9 4 7 5 42 11 26 50 13 37 15 27 30 25 14 17 23 29 47 18 48 20 44 2 8 24 19 38 1 35 33 36 49 45 41 22 3 40 21 34 43 10 28 31 32 32
15 42 1 6 13 2 3 4 5 7 18 8 27 9 20 10 14 17 31 32 11 34 25 16 28 37 12 19 47 29 21 23 26 22 38 39 33 30 49 44 45 24 35 50 36 40 41 43 46 48 48
1 2 3 4 4
17 16 18 19 20 21 22 24 23 2 1 3 4 6 5 7 9 8 28 29 30 31 32 33 34 36 35 45 43 44 10 11 12 13 15 14 46 47 48 38 37 39 40 41 42 25 27 26 26
8 2 3 15 16 13 7 1 6 20 11 19 9 5 4 14 17 18 10 12 12
1 7 2 15 16 17 3 4 5 18 19 20 6 8 9 21 22 23 10 11 12 24 25 26 13 14 27 28 28
14 46 45 47 2 1 26 24 10 20 32 42 7 37 27 22 49 5 11 28 29 18 8 38 6 50 31 41 12 44 43 4 23 16 13 30 40 3 25 19 36 39 15 17 48 21 9 34 33 35 35
28 50 2 35 15 42 20 4 11 30 39 16 27 18 37 8 23 1 45 10 6 25 9 3 43 26 29 33 49 17 36 13 41 24 7 5 22 34 48 38 14 31 19 47 40 44 21 12 32 46 46
1 8 9 5 7 6 10 3 2 4 4
33 1 32 7 38 42 9 13 27 3 34 20 25 39 21 46 4 6 30 26 19 50 47 28 8 36 24 22 14 31 48 10 17 43 5 15 23 35 16 12 18 11 2 37 49 41 45 40 29 44 44
44 23 45 40 31 30 11 1 9 3 50 26 41 16 35 20 6 46 47 37 19 8 5 22 18 4 42 48 36 12 28 49 7 29 33 21 13 38 15 43 32 25 34 24 14 17 10 2 27 39 39
32 35 31 27 28 26 10 8 11 5 2 3 7 12 9 13 17 18 19 20 23 15 14 16 34 33 36 37 39 41 24 22 21 25 29 30 47 43 44 42 40 38 48 45 46 6 4 1 1
44 32 46 16 25 6 21 26 18 23 31 7 27 29 2 13 1 48 10 20 43 3 5 34 49 4 39 12 33 9 37 17 15 41 19 47 35 45 11 14 22 50 40 36 42 38 24 30 8 28 28
5 1 2 3 4 6 6
4 1 2 47 3 50 49 48 5 46 6 7 8 45 9 10 11 44 12 13 14 43 15 16 17 42 18 19 20 21 22 23 24 25 26 27 28 29 30 31 32 33 34 35 36 37 38 39 40 41 41
27 32 16 39 8 2 10 37 11 12 15 33 7 4 22 17 5 18 26 13 38 41 25 14 40 20 29 28 46 44 42 45 3 30 43 23 1 31 35 21 24 6 19 36 34 9 9
